<?xml version="1.0" encoding="UTF-8"?>
<testsuite xmlns:xsi="http://www.w3.org/2001/XMLSchema-instance" xsi:noNamespaceSchemaLocation="https://maven.apache.org/surefire/maven-surefire-plugin/xsd/surefire-test-report.xsd" version="3.0.2" name="it.uniroma2.isw2.openjpa.testing.pcenhancer.rnd.PCEnhancerRandoopRegressionTest" time="0.14" tests="30" errors="0" skipped="0" failures="0" flakes="0">
  <properties>
[...]
</properties>
  <testcase name="test01" classname="it.uniroma2.isw2.openjpa.testing.pcenhancer.rnd.PCEnhancerRandoopRegression0" time="0.045"/>
  <testcase name="test02" classname="it.uniroma2.isw2.openjpa.testing.pcenhancer.rnd.PCEnhancerRandoopRegression0" time="0.005"/>
  <testcase name="test03" classname="it.uniroma2.isw2.openjpa.testing.pcenhancer.rnd.PCEnhancerRandoopRegression0" time="0.003"/>
  <testcase name="test04" classname="it.uniroma2.isw2.openjpa.testing.pcenhancer.rnd.PCEnhancerRandoopRegression0" time="0.002"/>
  <testcase name="test05" classname="it.uniroma2.isw2.openjpa.testing.pcenhancer.rnd.PCEnhancerRandoopRegression0" time="0.002"/>
  <testcase name="test06" classname="it.uniroma2.isw2.openjpa.testing.pcenhancer.rnd.PCEnhancerRandoopRegression0" time="0.001"/>
  <testcase name="test07" classname="it.uniroma2.isw2.openjpa.testing.pcenhancer.rnd.PCEnhancerRandoopRegression0" time="0.001"/>
  <testcase name="test08" classname="it.uniroma2.isw2.openjpa.testing.pcenhancer.rnd.PCEnhancerRandoopRegression0" time="0.005"/>
  <testcase name="test09" classname="it.uniroma2.isw2.openjpa.testing.pcenhancer.rnd.PCEnhancerRandoopRegression0" time="0.007"/>
  <testcase name="test10" classname="it.uniroma2.isw2.openjpa.testing.pcenhancer.rnd.PCEnhancerRandoopRegression0" time="0.001"/>
  <testcase name="test11" classname="it.uniroma2.isw2.openjpa.testing.pcenhancer.rnd.PCEnhancerRandoopRegression0" time="0.002"/>
  <testcase name="test12" classname="it.uniroma2.isw2.openjpa.testing.pcenhancer.rnd.PCEnhancerRandoopRegression0" time="0.002"/>
  <testcase name="test13" classname="it.uniroma2.isw2.openjpa.testing.pcenhancer.rnd.PCEnhancerRandoopRegression0" time="0.002"/>
  <testcase name="test14" classname="it.uniroma2.isw2.openjpa.testing.pcenhancer.rnd.PCEnhancerRandoopRegression0" time="0.001"/>
  <testcase name="test15" classname="it.uniroma2.isw2.openjpa.testing.pcenhancer.rnd.PCEnhancerRandoopRegression0" time="0.001"/>
  <testcase name="test16" classname="it.uniroma2.isw2.openjpa.testing.pcenhancer.rnd.PCEnhancerRandoopRegression0" time="0.001"/>
  <testcase name="test17" classname="it.uniroma2.isw2.openjpa.testing.pcenhancer.rnd.PCEnhancerRandoopRegression0" time="0.001"/>
  <testcase name="test18" classname="it.uniroma2.isw2.openjpa.testing.pcenhancer.rnd.PCEnhancerRandoopRegression0" time="0.001"/>
  <testcase name="test19" classname="it.uniroma2.isw2.openjpa.testing.pcenhancer.rnd.PCEnhancerRandoopRegression0" time="0.001"/>
  <testcase name="test20" classname="it.uniroma2.isw2.openjpa.testing.pcenhancer.rnd.PCEnhancerRandoopRegression0" time="0.002"/>
  <testcase name="test21" classname="it.uniroma2.isw2.openjpa.testing.pcenhancer.rnd.PCEnhancerRandoopRegression0" time="0.001"/>
  <testcase name="test22" classname="it.uniroma2.isw2.openjpa.testing.pcenhancer.rnd.PCEnhancerRandoopRegression0" time="0.001"/>
  <testcase name="test23" classname="it.uniroma2.isw2.openjpa.testing.pcenhancer.rnd.PCEnhancerRandoopRegression0" time="0.0"/>
  <testcase name="test24" classname="it.uniroma2.isw2.openjpa.testing.pcenhancer.rnd.PCEnhancerRandoopRegression0" time="0.001"/>
  <testcase name="test25" classname="it.uniroma2.isw2.openjpa.testing.pcenhancer.rnd.PCEnhancerRandoopRegression0" time="0.002"/>
  <testcase name="test26" classname="it.uniroma2.isw2.openjpa.testing.pcenhancer.rnd.PCEnhancerRandoopRegression0" time="0.001"/>
  <testcase name="test27" classname="it.uniroma2.isw2.openjpa.testing.pcenhancer.rnd.PCEnhancerRandoopRegression0" time="0.002"/>
  <testcase name="test28" classname="it.uniroma2.isw2.openjpa.testing.pcenhancer.rnd.PCEnhancerRandoopRegression0" time="0.001"/>
  <testcase name="test29" classname="it.uniroma2.isw2.openjpa.testing.pcenhancer.rnd.PCEnhancerRandoopRegression0" time="0.0"/>
  <testcase name="test30" classname="it.uniroma2.isw2.openjpa.testing.pcenhancer.rnd.PCEnhancerRandoopRegression0" time="0.001"/>
</testsuite>