<?xml version="1.0" encoding="UTF-8" standalone="yes"?><!DOCTYPE report PUBLIC "-//JACOCO//DTD Report 1.1//EN" "report.dtd"><report name="listiteratorwrapper-c2-randoop-pit"><sessioninfo id="LAPTOP-503ELF8J-31f0f335" start="1788086098957" dump="1788086099562"/><sessioninfo id="LAPTOP-503ELF8J-f64dac69" start="1788086102708" dump="1788086103266"/><package name="org/apache/openjpa/lib/util/collections"><class name="org/apache/openjpa/lib/util/collections/OrderedIterator" sourcefilename="OrderedIterator.java"/><class name="org/apache/openjpa/lib/util/collections/ResettableListIterator" sourcefilename="ResettableListIterator.java"/><class name="org/apache/openjpa/lib/util/collections/ListIteratorWrapper" sourcefilename="ListIteratorWrapper.java"><method name="&lt;init&gt;" desc="(Ljava/util/Iterator;)V" line="66"><counter type="INSTRUCTION" missed="5" covered="17"/><counter type="BRANCH" missed="1" covered="1"/><counter type="LINE" missed="1" covered="6"/><counter type="COMPLEXITY" missed="1" covered="1"/><counter type="METHOD" missed="0" covered="1"/></method><method name="asListIterator" desc="(Ljava/util/Iterator;)Ljava/util/ListIterator;" line="106"><counter type="INSTRUCTION" missed="0" covered="8"/><counter type="BRANCH" missed="0" covered="2"/><counter type="LINE" missed="0" covered="3"/><counter type="COMPLEXITY" missed="0" covered="2"/><counter type="METHOD" missed="0" covered="1"/></method><method name="add" desc="(Ljava/lang/Object;)V" line="122"><counter type="INSTRUCTION" missed="0" covered="13"/><counter type="BRANCH" missed="0" covered="2"/><counter type="LINE" missed="0" covered="4"/><counter type="COMPLEXITY" missed="0" covered="2"/><counter type="METHOD" missed="0" covered="1"/></method><method name="hasNext" desc="()Z" line="136"><counter type="INSTRUCTION" missed="6" covered="14"/><counter type="BRANCH" missed="3" covered="3"/><counter type="LINE" missed="1" covered="2"/><counter type="COMPLEXITY" missed="3" covered="1"/><counter type="METHOD" missed="0" covered="1"/></method><method name="hasPrevious" desc="()Z" line="149"><counter type="INSTRUCTION" missed="7" covered="7"/><counter type="BRANCH" missed="3" covered="1"/><counter type="LINE" missed="1" covered="2"/><counter type="COMPLEXITY" missed="2" covered="1"/><counter type="METHOD" missed="0" covered="1"/></method><method name="next" desc="()Ljava/lang/Object;" line="163"><counter type="INSTRUCTION" missed="46" covered="3"/><counter type="BRANCH" missed="3" covered="1"/><counter type="LINE" missed="9" covered="1"/><counter type="COMPLEXITY" missed="2" covered="1"/><counter type="METHOD" missed="0" covered="1"/></method><method name="nextIndex" desc="()I" line="186"><counter type="INSTRUCTION" missed="3" covered="7"/><counter type="BRANCH" missed="1" covered="1"/><counter type="LINE" missed="1" covered="2"/><counter type="COMPLEXITY" missed="1" covered="1"/><counter type="METHOD" missed="0" covered="1"/></method><method name="previous" desc="()Ljava/lang/Object;" line="200"><counter type="INSTRUCTION" missed="25" covered="10"/><counter type="BRANCH" missed="3" covered="3"/><counter type="LINE" missed="3" covered="3"/><counter type="COMPLEXITY" missed="2" covered="2"/><counter type="METHOD" missed="0" covered="1"/></method><method name="previousIndex" desc="()I" line="219"><counter type="INSTRUCTION" missed="5" covered="7"/><counter type="BRANCH" missed="1" covered="1"/><counter type="LINE" missed="1" covered="2"/><counter type="COMPLEXITY" missed="1" covered="1"/><counter type="METHOD" missed="0" covered="1"/></method><method name="remove" desc="()V" line="236"><counter type="INSTRUCTION" missed="34" covered="30"/><counter type="BRANCH" missed="4" covered="4"/><counter type="LINE" missed="8" covered="7"/><counter type="COMPLEXITY" missed="3" covered="2"/><counter type="METHOD" missed="0" covered="1"/></method><method name="set" desc="(Ljava/lang/Object;)V" line="268"><counter type="INSTRUCTION" missed="5" covered="8"/><counter type="BRANCH" missed="1" covered="1"/><counter type="LINE" missed="2" covered="2"/><counter type="COMPLEXITY" missed="1" covered="1"/><counter type="METHOD" missed="0" covered="1"/></method><method name="reset" desc="()V" line="283"><counter type="INSTRUCTION" missed="5" covered="12"/><counter type="BRANCH" missed="1" covered="3"/><counter type="LINE" missed="1" covered="5"/><counter type="COMPLEXITY" missed="1" covered="2"/><counter type="METHOD" missed="0" covered="1"/></method><counter type="INSTRUCTION" missed="141" covered="136"/><counter type="BRANCH" missed="21" covered="23"/><counter type="LINE" missed="28" covered="39"/><counter type="COMPLEXITY" missed="17" covered="17"/><counter type="METHOD" missed="0" covered="12"/><counter type="CLASS" missed="0" covered="1"/></class><class name="org/apache/openjpa/lib/util/collections/ResettableIterator" sourcefilename="ResettableIterator.java"/><sourcefile name="ListIteratorWrapper.java"><line nr="66" mi="0" ci="5" mb="0" cb="0"/><line nr="87" mi="0" ci="2" mb="0" cb="0"/><line nr="88" mi="0" ci="2" mb="1" cb="1"/><line nr="89" mi="5" ci="0" mb="0" cb="0"/><line nr="92" mi="0" ci="3" mb="0" cb="0"/><line nr="93" mi="0" ci="4" mb="0" cb="0"/><line nr="94" mi="0" ci="1" mb="0" cb="0"/><line nr="106" mi="0" ci="3" mb="0" cb="2"/><line nr="107" mi="0" ci="3" mb="0" cb="0"/><line nr="109" mi="0" ci="2" mb="0" cb="0"/><line nr="122" mi="0" ci="3" mb="0" cb="2"/><line nr="123" mi="0" ci="5" mb="0" cb="0"/><line nr="126" mi="0" ci="4" mb="0" cb="0"/><line nr="127" mi="0" ci="1" mb="0" cb="0"/><line nr="136" mi="0" ci="3" mb="1" cb="1"/><line nr="137" mi="4" ci="0" mb="0" cb="0"/><line nr="139" mi="2" ci="11" mb="2" cb="2"/><line nr="149" mi="0" ci="3" mb="1" cb="1"/><line nr="150" mi="0" ci="4" mb="0" cb="0"/><line nr="152" mi="7" ci="0" mb="2" cb="0"/><line nr="163" mi="0" ci="3" mb="1" cb="1"/><line nr="164" mi="4" ci="0" mb="0" cb="0"/><line nr="167" mi="5" ci="0" mb="2" cb="0"/><line nr="168" mi="11" ci="0" mb="0" cb="0"/><line nr="171" mi="4" ci="0" mb="0" cb="0"/><line nr="172" mi="5" ci="0" mb="0" cb="0"/><line nr="173" mi="6" ci="0" mb="0" cb="0"/><line nr="174" mi="6" ci="0" mb="0" cb="0"/><line nr="175" mi="3" ci="0" mb="0" cb="0"/><line nr="176" mi="2" ci="0" mb="0" cb="0"/><line nr="186" mi="0" ci="3" mb="1" cb="1"/><line nr="187" mi="0" ci="4" mb="0" cb="0"/><line nr="189" mi="3" ci="0" mb="0" cb="0"/><line nr="200" mi="0" ci="3" mb="0" cb="2"/><line nr="201" mi="4" ci="0" mb="0" cb="0"/><line nr="204" mi="0" ci="3" mb="1" cb="1"/><line nr="205" mi="0" ci="4" mb="0" cb="0"/><line nr="208" mi="10" ci="0" mb="2" cb="0"/><line nr="209" mi="11" ci="0" mb="0" cb="0"/><line nr="219" mi="0" ci="3" mb="1" cb="1"/><line nr="220" mi="0" ci="4" mb="0" cb="0"/><line nr="222" mi="5" ci="0" mb="0" cb="0"/><line nr="236" mi="0" ci="3" mb="0" cb="2"/><line nr="237" mi="3" ci="0" mb="0" cb="0"/><line nr="238" mi="1" ci="0" mb="0" cb="0"/><line nr="242" mi="0" ci="5" mb="1" cb="1"/><line nr="243" mi="0" ci="5" mb="0" cb="0"/><line nr="244" mi="2" ci="1" mb="0" cb="0"/><line nr="246" mi="7" ci="3" mb="3" cb="1"/><line nr="247" mi="0" ci="8" mb="0" cb="0"/><line nr="248" mi="0" ci="5" mb="0" cb="0"/><line nr="251" mi="3" ci="0" mb="0" cb="0"/><line nr="252" mi="5" ci="0" mb="0" cb="0"/><line nr="253" mi="3" ci="0" mb="0" cb="0"/><line nr="254" mi="6" ci="0" mb="0" cb="0"/><line nr="255" mi="3" ci="0" mb="0" cb="0"/><line nr="256" mi="1" ci="0" mb="0" cb="0"/><line nr="268" mi="0" ci="3" mb="1" cb="1"/><line nr="269" mi="0" ci="5" mb="0" cb="0"/><line nr="272" mi="4" ci="0" mb="0" cb="0"/><line nr="273" mi="1" ci="0" mb="0" cb="0"/><line nr="283" mi="0" ci="3" mb="0" cb="2"/><line nr="284" mi="0" ci="4" mb="1" cb="1"/><line nr="285" mi="5" ci="0" mb="0" cb="0"/><line nr="287" mi="0" ci="1" mb="0" cb="0"/><line nr="290" mi="0" ci="3" mb="0" cb="0"/><line nr="291" mi="0" ci="1" mb="0" cb="0"/><counter type="INSTRUCTION" missed="141" covered="136"/><counter type="BRANCH" missed="21" covered="23"/><counter type="LINE" missed="28" covered="39"/><counter type="COMPLEXITY" missed="17" covered="17"/><counter type="METHOD" missed="0" covered="12"/><counter type="CLASS" missed="0" covered="1"/></sourcefile><sourcefile name="OrderedIterator.java"/><sourcefile name="ResettableIterator.java"/><sourcefile name="ResettableListIterator.java"/><counter type="INSTRUCTION" missed="141" covered="136"/><counter type="BRANCH" missed="21" covered="23"/><counter type="LINE" missed="28" covered="39"/><counter type="COMPLEXITY" missed="17" covered="17"/><counter type="METHOD" missed="0" covered="12"/><counter type="CLASS" missed="0" covered="1"/></package><counter type="INSTRUCTION" missed="141" covered="136"/><counter type="BRANCH" missed="21" covered="23"/><counter type="LINE" missed="28" covered="39"/><counter type="COMPLEXITY" missed="17" covered="17"/><counter type="METHOD" missed="0" covered="12"/><counter type="CLASS" missed="0" covered="1"/></report>