<?xml version="1.0" encoding="UTF-8" standalone="yes"?><!DOCTYPE report PUBLIC "-//JACOCO//DTD Report 1.1//EN" "report.dtd"><report name="OpenJPA PCEnhancer Final T_CF"><sessioninfo id="LAPTOP-503ELF8J-d55f823f" start="1787493266823" dump="1787493268620"/><package name="org/apache/openjpa/enhance"><class name="org/apache/openjpa/enhance/PCEnhancer$AuxiliaryEnhancer" sourcefilename="PCEnhancer.java"/><class name="org/apache/openjpa/enhance/PCEnhancer$Flags" sourcefilename="PCEnhancer.java"><method name="&lt;init&gt;" desc="()V" line="5629"><counter type="INSTRUCTION" missed="0" covered="15"/><counter type="LINE" missed="0" covered="5"/><counter type="COMPLEXITY" missed="0" covered="1"/><counter type="METHOD" missed="0" covered="1"/></method><counter type="INSTRUCTION" missed="0" covered="15"/><counter type="LINE" missed="0" covered="5"/><counter type="COMPLEXITY" missed="0" covered="1"/><counter type="METHOD" missed="0" covered="1"/><counter type="CLASS" missed="0" covered="1"/></class><class name="org/apache/openjpa/enhance/PCEnhancer" sourcefilename="PCEnhancer.java"><method name="&lt;init&gt;" desc="(Lorg/apache/openjpa/conf/OpenJPAConfiguration;Ljava/lang/Class;)V" line="241"><counter type="INSTRUCTION" missed="0" covered="11"/><counter type="LINE" missed="0" covered="2"/><counter type="COMPLEXITY" missed="0" covered="1"/><counter type="METHOD" missed="0" covered="1"/></method><method name="&lt;init&gt;" desc="(Lorg/apache/openjpa/conf/OpenJPAConfiguration;Lorg/apache/openjpa/meta/ClassMetaData;)V" line="250"><counter type="INSTRUCTION" missed="12" covered="0"/><counter type="LINE" missed="2" covered="0"/><counter type="COMPLEXITY" missed="1" covered="0"/><counter type="METHOD" missed="1" covered="0"/></method><method name="&lt;init&gt;" desc="(Lorg/apache/openjpa/conf/OpenJPAConfiguration;Lorg/apache/openjpa/util/asm/ClassNodeTracker;Lorg/apache/openjpa/meta/MetaDataRepository;)V" line="269"><counter type="INSTRUCTION" missed="0" covered="7"/><counter type="LINE" missed="0" covered="2"/><counter type="COMPLEXITY" missed="0" covered="1"/><counter type="METHOD" missed="0" covered="1"/></method><method name="&lt;init&gt;" desc="(Lorg/apache/openjpa/conf/OpenJPAConfiguration;Lorg/apache/openjpa/util/asm/ClassNodeTracker;Lorg/apache/openjpa/meta/MetaDataRepository;Ljava/lang/ClassLoader;)V" line="202"><counter type="INSTRUCTION" missed="0" covered="89"/><counter type="BRANCH" missed="0" covered="2"/><counter type="LINE" missed="0" covered="27"/><counter type="COMPLEXITY" missed="0" covered="2"/><counter type="METHOD" missed="0" covered="1"/></method><method name="&lt;init&gt;" desc="(Lorg/apache/openjpa/meta/MetaDataRepository;Lorg/apache/openjpa/util/asm/ClassNodeTracker;Lorg/apache/openjpa/meta/ClassMetaData;)V" line="202"><counter type="INSTRUCTION" missed="0" covered="71"/><counter type="LINE" missed="0" covered="24"/><counter type="COMPLEXITY" missed="0" covered="1"/><counter type="METHOD" missed="0" covered="1"/></method><method name="toPCSubclassName" desc="(Lorg/apache/openjpa/util/asm/ClassNodeTracker;)Ljava/lang/String;" line="339"><counter type="INSTRUCTION" missed="0" covered="10"/><counter type="LINE" missed="0" covered="2"/><counter type="COMPLEXITY" missed="0" covered="1"/><counter type="METHOD" missed="0" covered="1"/></method><method name="toPCSubclassName" desc="(Ljava/lang/Class;)Ljava/lang/String;" line="345"><counter type="INSTRUCTION" missed="9" covered="0"/><counter type="LINE" missed="2" covered="0"/><counter type="COMPLEXITY" missed="1" covered="0"/><counter type="METHOD" missed="1" covered="0"/></method><method name="isPCSubclassName" desc="(Ljava/lang/String;)Z" line="356"><counter type="INSTRUCTION" missed="0" covered="13"/><counter type="BRANCH" missed="1" covered="3"/><counter type="LINE" missed="0" covered="2"/><counter type="COMPLEXITY" missed="1" covered="2"/><counter type="METHOD" missed="0" covered="1"/></method><method name="toManagedTypeName" desc="(Ljava/lang/String;)Ljava/lang/String;" line="368"><counter type="INSTRUCTION" missed="0" covered="25"/><counter type="BRANCH" missed="0" covered="2"/><counter type="LINE" missed="0" covered="6"/><counter type="COMPLEXITY" missed="0" covered="2"/><counter type="METHOD" missed="0" covered="1"/></method><method name="getPCBytecode" desc="()Lorg/apache/openjpa/util/asm/ClassNodeTracker;" line="384"><counter type="INSTRUCTION" missed="0" covered="3"/><counter type="LINE" missed="0" covered="1"/><counter type="COMPLEXITY" missed="0" covered="1"/><counter type="METHOD" missed="0" covered="1"/></method><method name="getManagedTypeBytecode" desc="()Lorg/apache/openjpa/util/asm/ClassNodeTracker;" line="394"><counter type="INSTRUCTION" missed="0" covered="3"/><counter type="LINE" missed="0" covered="1"/><counter type="COMPLEXITY" missed="0" covered="1"/><counter type="METHOD" missed="0" covered="1"/></method><method name="getMetaData" desc="()Lorg/apache/openjpa/meta/ClassMetaData;" line="402"><counter type="INSTRUCTION" missed="0" covered="3"/><counter type="LINE" missed="0" covered="1"/><counter type="COMPLEXITY" missed="0" covered="1"/><counter type="METHOD" missed="0" covered="1"/></method><method name="getAddDefaultConstructor" desc="()Z" line="412"><counter type="INSTRUCTION" missed="0" covered="3"/><counter type="LINE" missed="0" covered="1"/><counter type="COMPLEXITY" missed="0" covered="1"/><counter type="METHOD" missed="0" covered="1"/></method><method name="setAddDefaultConstructor" desc="(Z)V" line="422"><counter type="INSTRUCTION" missed="0" covered="4"/><counter type="LINE" missed="0" covered="2"/><counter type="COMPLEXITY" missed="0" covered="1"/><counter type="METHOD" missed="0" covered="1"/></method><method name="getRedefine" desc="()Z" line="433"><counter type="INSTRUCTION" missed="0" covered="3"/><counter type="LINE" missed="0" covered="1"/><counter type="COMPLEXITY" missed="0" covered="1"/><counter type="METHOD" missed="0" covered="1"/></method><method name="setRedefine" desc="(Z)V" line="444"><counter type="INSTRUCTION" missed="0" covered="4"/><counter type="LINE" missed="0" covered="2"/><counter type="COMPLEXITY" missed="0" covered="1"/><counter type="METHOD" missed="0" covered="1"/></method><method name="isAlreadyRedefined" desc="()Z" line="454"><counter type="INSTRUCTION" missed="3" covered="0"/><counter type="LINE" missed="1" covered="0"/><counter type="COMPLEXITY" missed="1" covered="0"/><counter type="METHOD" missed="1" covered="0"/></method><method name="isAlreadySubclassed" desc="()Z" line="464"><counter type="INSTRUCTION" missed="3" covered="0"/><counter type="LINE" missed="1" covered="0"/><counter type="COMPLEXITY" missed="1" covered="0"/><counter type="METHOD" missed="1" covered="0"/></method><method name="getCreateSubclass" desc="()Z" line="474"><counter type="INSTRUCTION" missed="0" covered="3"/><counter type="LINE" missed="0" covered="1"/><counter type="COMPLEXITY" missed="0" covered="1"/><counter type="METHOD" missed="0" covered="1"/></method><method name="setCreateSubclass" desc="(Z)V" line="484"><counter type="INSTRUCTION" missed="0" covered="7"/><counter type="LINE" missed="0" covered="3"/><counter type="COMPLEXITY" missed="0" covered="1"/><counter type="METHOD" missed="0" covered="1"/></method><method name="getEnforcePropertyRestrictions" desc="()Z" line="494"><counter type="INSTRUCTION" missed="0" covered="3"/><counter type="LINE" missed="0" covered="1"/><counter type="COMPLEXITY" missed="0" covered="1"/><counter type="METHOD" missed="0" covered="1"/></method><method name="setEnforcePropertyRestrictions" desc="(Z)V" line="503"><counter type="INSTRUCTION" missed="0" covered="4"/><counter type="LINE" missed="0" covered="2"/><counter type="COMPLEXITY" missed="0" covered="1"/><counter type="METHOD" missed="0" covered="1"/></method><method name="getDirectory" desc="()Ljava/io/File;" line="512"><counter type="INSTRUCTION" missed="0" covered="3"/><counter type="LINE" missed="0" covered="1"/><counter type="COMPLEXITY" missed="0" covered="1"/><counter type="METHOD" missed="0" covered="1"/></method><method name="setDirectory" desc="(Ljava/io/File;)V" line="521"><counter type="INSTRUCTION" missed="0" covered="4"/><counter type="LINE" missed="0" covered="2"/><counter type="COMPLEXITY" missed="0" covered="1"/><counter type="METHOD" missed="0" covered="1"/></method><method name="getBytecodeWriter" desc="()Lorg/apache/openjpa/util/asm/BytecodeWriter;" line="528"><counter type="INSTRUCTION" missed="3" covered="0"/><counter type="LINE" missed="1" covered="0"/><counter type="COMPLEXITY" missed="1" covered="0"/><counter type="METHOD" missed="1" covered="0"/></method><method name="setBytecodeWriter" desc="(Lorg/apache/openjpa/util/asm/BytecodeWriter;)V" line="535"><counter type="INSTRUCTION" missed="0" covered="4"/><counter type="LINE" missed="0" covered="2"/><counter type="COMPLEXITY" missed="0" covered="1"/><counter type="METHOD" missed="0" covered="1"/></method><method name="run" desc="()I" line="546"><counter type="INSTRUCTION" missed="38" covered="105"/><counter type="BRANCH" missed="3" covered="15"/><counter type="LINE" missed="6" covered="32"/><counter type="COMPLEXITY" missed="3" covered="7"/><counter type="METHOD" missed="0" covered="1"/></method><method name="configureBCs" desc="()V" line="611"><counter type="INSTRUCTION" missed="24" covered="94"/><counter type="BRANCH" missed="8" covered="10"/><counter type="LINE" missed="3" covered="18"/><counter type="COMPLEXITY" missed="7" covered="3"/><counter type="METHOD" missed="0" covered="1"/></method><method name="record" desc="()V" line="653"><counter type="INSTRUCTION" missed="7" covered="10"/><counter type="BRANCH" missed="3" covered="1"/><counter type="LINE" missed="1" covered="3"/><counter type="COMPLEXITY" missed="2" covered="1"/><counter type="METHOD" missed="0" covered="1"/></method><method name="record" desc="(Lorg/apache/openjpa/util/asm/ClassNodeTracker;)V" line="665"><counter type="INSTRUCTION" missed="3" covered="74"/><counter type="BRANCH" missed="2" covered="6"/><counter type="LINE" missed="1" covered="17"/><counter type="COMPLEXITY" missed="2" covered="3"/><counter type="METHOD" missed="0" covered="1"/></method><method name="validateProperties" desc="()V" line="696"><counter type="INSTRUCTION" missed="136" covered="101"/><counter type="BRANCH" missed="16" covered="12"/><counter type="LINE" missed="24" covered="21"/><counter type="COMPLEXITY" missed="12" covered="3"/><counter type="METHOD" missed="0" covered="1"/></method><method name="registerBackingFieldInfo" desc="(Lorg/apache/openjpa/meta/FieldMetaData;Ljava/lang/reflect/Method;Ljava/lang/reflect/Field;)V" line="781"><counter type="INSTRUCTION" missed="0" covered="49"/><counter type="BRANCH" missed="0" covered="6"/><counter type="LINE" missed="0" covered="10"/><counter type="COMPLEXITY" missed="0" covered="4"/><counter type="METHOD" missed="0" covered="1"/></method><method name="addAttributeTranslation" desc="()V" line="801"><counter type="INSTRUCTION" missed="90" covered="128"/><counter type="BRANCH" missed="10" covered="4"/><counter type="LINE" missed="17" covered="24"/><counter type="COMPLEXITY" missed="6" covered="2"/><counter type="METHOD" missed="0" covered="1"/></method><method name="getSetterName" desc="(Lorg/apache/openjpa/meta/FieldMetaData;)Ljava/lang/String;" line="879"><counter type="INSTRUCTION" missed="0" covered="3"/><counter type="LINE" missed="0" covered="1"/><counter type="COMPLEXITY" missed="0" covered="1"/><counter type="METHOD" missed="0" covered="1"/></method><method name="getReturnedField" desc="(Lorg/apache/xbean/asm9/tree/ClassNode;Ljava/lang/reflect/Method;)Ljava/lang/reflect/Field;" line="887"><counter type="INSTRUCTION" missed="0" covered="7"/><counter type="LINE" missed="0" covered="1"/><counter type="COMPLEXITY" missed="0" covered="1"/><counter type="METHOD" missed="0" covered="1"/></method><method name="getAssignedField" desc="(Lorg/apache/xbean/asm9/tree/ClassNode;Ljava/lang/reflect/Method;)Ljava/lang/reflect/Field;" line="896"><counter type="INSTRUCTION" missed="0" covered="6"/><counter type="LINE" missed="0" covered="1"/><counter type="COMPLEXITY" missed="0" covered="1"/><counter type="METHOD" missed="0" covered="1"/></method><method name="findField" desc="(Lorg/apache/xbean/asm9/tree/ClassNode;Ljava/lang/reflect/Method;Ljava/util/function/Predicate;Z)Ljava/lang/reflect/Field;" line="907"><counter type="INSTRUCTION" missed="24" covered="98"/><counter type="BRANCH" missed="17" covered="19"/><counter type="LINE" missed="9" covered="26"/><counter type="COMPLEXITY" missed="15" covered="4"/><counter type="METHOD" missed="0" covered="1"/></method><method name="findMethodNode" desc="(Lorg/apache/xbean/asm9/tree/ClassNode;Ljava/lang/reflect/Method;)Lorg/apache/xbean/asm9/tree/MethodNode;" line="981"><counter type="INSTRUCTION" missed="0" covered="6"/><counter type="LINE" missed="0" covered="1"/><counter type="COMPLEXITY" missed="0" covered="1"/><counter type="METHOD" missed="0" covered="1"/></method><method name="getField" desc="(Ljava/lang/Class;Ljava/lang/String;)Ljava/lang/reflect/Field;" line="987"><counter type="INSTRUCTION" missed="18" covered="4"/><counter type="BRANCH" missed="2" covered="0"/><counter type="LINE" missed="4" covered="1"/><counter type="COMPLEXITY" missed="1" covered="1"/><counter type="METHOD" missed="0" covered="1"/></method><method name="getMethod" desc="(Ljava/lang/Class;Ljava/lang/String;[Ljava/lang/Class;)Ljava/lang/reflect/Method;" line="999"><counter type="INSTRUCTION" missed="20" covered="5"/><counter type="BRANCH" missed="2" covered="0"/><counter type="LINE" missed="4" covered="1"/><counter type="COMPLEXITY" missed="1" covered="1"/><counter type="METHOD" missed="0" covered="1"/></method><method name="addViolation" desc="(Ljava/lang/String;[Ljava/lang/Object;Z)V" line="1013"><counter type="INSTRUCTION" missed="0" covered="23"/><counter type="BRANCH" missed="1" covered="1"/><counter type="LINE" missed="0" covered="5"/><counter type="COMPLEXITY" missed="1" covered="1"/><counter type="METHOD" missed="0" covered="1"/></method><method name="processViolations" desc="()V" line="1024"><counter type="INSTRUCTION" missed="5" covered="47"/><counter type="BRANCH" missed="2" covered="8"/><counter type="LINE" missed="1" covered="13"/><counter type="COMPLEXITY" missed="2" covered="4"/><counter type="METHOD" missed="0" covered="1"/></method><method name="replaceAndValidateFieldAccess" desc="()V" line="1052"><counter type="INSTRUCTION" missed="0" covered="37"/><counter type="BRANCH" missed="1" covered="5"/><counter type="LINE" missed="0" covered="7"/><counter type="COMPLEXITY" missed="1" covered="3"/><counter type="METHOD" missed="0" covered="1"/></method><method name="replaceAndValidateFieldAccess" desc="(Lorg/apache/xbean/asm9/tree/ClassNode;Lorg/apache/xbean/asm9/tree/MethodNode;Ljava/util/function/Predicate;Z)V" line="1074"><counter type="INSTRUCTION" missed="159" covered="103"/><counter type="BRANCH" missed="20" covered="14"/><counter type="LINE" missed="23" covered="19"/><counter type="COMPLEXITY" missed="15" covered="3"/><counter type="METHOD" missed="0" covered="1"/></method><method name="searchNextInstruction" desc="(Lorg/apache/xbean/asm9/tree/AbstractInsnNode;Ljava/util/function/Predicate;)Lorg/apache/xbean/asm9/tree/AbstractInsnNode;" line="1163"><counter type="INSTRUCTION" missed="0" covered="12"/><counter type="BRANCH" missed="0" covered="4"/><counter type="LINE" missed="0" covered="3"/><counter type="COMPLEXITY" missed="0" covered="3"/><counter type="METHOD" missed="0" covered="1"/></method><method name="addNotifyAccess" desc="(Lorg/apache/xbean/asm9/tree/MethodNode;Lorg/apache/xbean/asm9/tree/AbstractInsnNode;Lorg/apache/openjpa/meta/FieldMetaData;)V" line="1177"><counter type="INSTRUCTION" missed="53" covered="0"/><counter type="BRANCH" missed="2" covered="0"/><counter type="LINE" missed="10" covered="0"/><counter type="COMPLEXITY" missed="2" covered="0"/><counter type="METHOD" missed="1" covered="0"/></method><method name="addNotifyMutation" desc="(Lorg/apache/xbean/asm9/tree/ClassNode;Lorg/apache/xbean/asm9/tree/MethodNode;Lorg/apache/xbean/asm9/tree/AbstractInsnNode;Lorg/apache/openjpa/meta/FieldMetaData;II)Lorg/apache/xbean/asm9/tree/AbstractInsnNode;" line="1207"><counter type="INSTRUCTION" missed="102" covered="0"/><counter type="BRANCH" missed="6" covered="0"/><counter type="LINE" missed="17" covered="0"/><counter type="COMPLEXITY" missed="4" covered="0"/><counter type="METHOD" missed="1" covered="0"/></method><method name="isBackingFieldOfAnotherProperty" desc="(Lorg/apache/xbean/asm9/tree/MethodNode;Ljava/lang/String;)Z" line="1242"><counter type="INSTRUCTION" missed="0" covered="26"/><counter type="BRANCH" missed="3" covered="5"/><counter type="LINE" missed="0" covered="4"/><counter type="COMPLEXITY" missed="3" covered="2"/><counter type="METHOD" missed="0" covered="1"/></method><method name="getPersistenceCapableOwner" desc="(Ljava/lang/String;Ljava/lang/Class;)Lorg/apache/openjpa/meta/ClassMetaData;" line="1262"><counter type="INSTRUCTION" missed="5" covered="23"/><counter type="BRANCH" missed="3" covered="3"/><counter type="LINE" missed="2" covered="4"/><counter type="COMPLEXITY" missed="3" covered="1"/><counter type="METHOD" missed="0" covered="1"/></method><method name="addPCMethods" desc="()V" line="1284"><counter type="INSTRUCTION" missed="32" covered="95"/><counter type="BRANCH" missed="13" covered="9"/><counter type="LINE" missed="4" covered="25"/><counter type="COMPLEXITY" missed="9" covered="3"/><counter type="METHOD" missed="0" covered="1"/></method><method name="addClearFieldsMethod" desc="(Lorg/apache/xbean/asm9/tree/ClassNode;)V" line="1341"><counter type="INSTRUCTION" missed="46" covered="90"/><counter type="BRANCH" missed="6" covered="7"/><counter type="LINE" missed="9" covered="17"/><counter type="COMPLEXITY" missed="5" covered="4"/><counter type="METHOD" missed="0" covered="1"/></method><method name="addNewInstanceMethod" desc="(Lorg/apache/xbean/asm9/tree/ClassNode;Z)V" line="1397"><counter type="INSTRUCTION" missed="5" covered="217"/><counter type="BRANCH" missed="1" covered="9"/><counter type="LINE" missed="2" covered="31"/><counter type="COMPLEXITY" missed="1" covered="5"/><counter type="METHOD" missed="0" covered="1"/></method><method name="addManagedFieldCountMethod" desc="(Lorg/apache/xbean/asm9/tree/ClassNode;)V" line="1463"><counter type="INSTRUCTION" missed="36" covered="39"/><counter type="BRANCH" missed="3" covered="1"/><counter type="LINE" missed="7" covered="8"/><counter type="COMPLEXITY" missed="2" covered="1"/><counter type="METHOD" missed="0" covered="1"/></method><method name="addProvideFieldsMethods" desc="(Lorg/apache/xbean/asm9/tree/ClassNode;)V" line="1497"><counter type="INSTRUCTION" missed="5" covered="183"/><counter type="BRANCH" missed="1" covered="5"/><counter type="LINE" missed="1" covered="32"/><counter type="COMPLEXITY" missed="1" covered="3"/><counter type="METHOD" missed="0" covered="1"/></method><method name="addReplaceFieldsMethods" desc="(Lorg/apache/xbean/asm9/tree/ClassNode;)V" line="1560"><counter type="INSTRUCTION" missed="28" covered="201"/><counter type="BRANCH" missed="2" covered="10"/><counter type="LINE" missed="4" covered="35"/><counter type="COMPLEXITY" missed="2" covered="5"/><counter type="METHOD" missed="0" covered="1"/></method><method name="addCopyFieldsMethod" desc="(Lorg/apache/xbean/asm9/tree/ClassNode;)V" line="1632"><counter type="INSTRUCTION" missed="5" covered="151"/><counter type="BRANCH" missed="1" covered="5"/><counter type="LINE" missed="1" covered="26"/><counter type="COMPLEXITY" missed="1" covered="3"/><counter type="METHOD" missed="0" covered="1"/></method><method name="beginSwitchMethod" desc="(Lorg/apache/xbean/asm9/tree/ClassNode;Ljava/lang/String;Lorg/apache/xbean/asm9/tree/InsnList;Z)I" line="1689"><counter type="INSTRUCTION" missed="71" covered="91"/><counter type="BRANCH" missed="5" covered="5"/><counter type="LINE" missed="12" covered="17"/><counter type="COMPLEXITY" missed="3" covered="3"/><counter type="METHOD" missed="0" covered="1"/></method><method name="addMultipleFieldsMethodVersion" desc="(Lorg/apache/xbean/asm9/tree/ClassNode;Lorg/apache/xbean/asm9/tree/MethodNode;Z)V" line="1742"><counter type="INSTRUCTION" missed="0" covered="406"/><counter type="BRANCH" missed="0" covered="12"/><counter type="LINE" missed="0" covered="65"/><counter type="COMPLEXITY" missed="0" covered="7"/><counter type="METHOD" missed="0" covered="1"/></method><method name="addStockMethods" desc="()V" line="1863"><counter type="INSTRUCTION" missed="0" covered="126"/><counter type="LINE" missed="0" covered="17"/><counter type="COMPLEXITY" missed="0" covered="1"/><counter type="METHOD" missed="0" covered="1"/></method><method name="translateFromStateManagerMethod" desc="(Ljava/lang/reflect/Method;Z)V" line="1912"><counter type="INSTRUCTION" missed="0" covered="190"/><counter type="BRANCH" missed="0" covered="10"/><counter type="LINE" missed="0" covered="36"/><counter type="COMPLEXITY" missed="0" covered="6"/><counter type="METHOD" missed="0" covered="1"/></method><method name="addGetVersionMethod" desc="()V" line="1977"><counter type="INSTRUCTION" missed="58" covered="113"/><counter type="BRANCH" missed="5" covered="1"/><counter type="LINE" missed="10" covered="21"/><counter type="COMPLEXITY" missed="3" covered="1"/><counter type="METHOD" missed="0" covered="1"/></method><method name="toPrimitiveWrapper" desc="(Lorg/apache/openjpa/meta/FieldMetaData;)Ljava/lang/Class;" line="2031"><counter type="INSTRUCTION" missed="22" covered="0"/><counter type="BRANCH" missed="9" covered="0"/><counter type="LINE" missed="10" covered="0"/><counter type="COMPLEXITY" missed="9" covered="0"/><counter type="METHOD" missed="1" covered="0"/></method><method name="addReplaceStateManagerMethod" desc="()V" line="2058"><counter type="INSTRUCTION" missed="0" covered="167"/><counter type="LINE" missed="0" covered="25"/><counter type="COMPLEXITY" missed="0" covered="1"/><counter type="METHOD" missed="0" covered="1"/></method><method name="addNoOpApplicationIdentityMethods" desc="()V" line="2101"><counter type="INSTRUCTION" missed="0" covered="193"/><counter type="LINE" missed="0" covered="28"/><counter type="COMPLEXITY" missed="0" covered="1"/><counter type="METHOD" missed="0" covered="1"/></method><method name="addCopyKeyFieldsToObjectIdMethod" desc="(Z)V" line="2173"><counter type="INSTRUCTION" missed="229" covered="690"/><counter type="BRANCH" missed="28" covered="58"/><counter type="LINE" missed="38" covered="131"/><counter type="COMPLEXITY" missed="21" covered="23"/><counter type="METHOD" missed="0" covered="1"/></method><method name="addExtractObjectIdFieldValueCode" desc="(Lorg/apache/xbean/asm9/tree/ClassNode;Lorg/apache/xbean/asm9/tree/InsnList;Lorg/apache/openjpa/meta/FieldMetaData;I)V" line="2460"><counter type="INSTRUCTION" missed="721" covered="170"/><counter type="BRANCH" missed="51" covered="7"/><counter type="LINE" missed="134" covered="38"/><counter type="COMPLEXITY" missed="41" covered="1"/><counter type="METHOD" missed="0" covered="1"/></method><method name="addCopyKeyFieldsFromObjectIdMethod" desc="(Z)V" line="2742"><counter type="INSTRUCTION" missed="272" covered="529"/><counter type="BRANCH" missed="35" covered="41"/><counter type="LINE" missed="51" covered="100"/><counter type="COMPLEXITY" missed="23" covered="16"/><counter type="METHOD" missed="0" covered="1"/></method><method name="usesClassStringIdConstructor" desc="()Ljava/lang/Boolean;" line="2981"><counter type="INSTRUCTION" missed="30" covered="24"/><counter type="BRANCH" missed="2" covered="4"/><counter type="LINE" missed="6" covered="8"/><counter type="COMPLEXITY" missed="2" covered="2"/><counter type="METHOD" missed="0" covered="1"/></method><method name="unwrapSingleFieldIdentity" desc="(Lorg/apache/openjpa/meta/FieldMetaData;)Ljava/lang/Class;" line="3013"><counter type="INSTRUCTION" missed="14" covered="13"/><counter type="BRANCH" missed="7" covered="3"/><counter type="LINE" missed="7" covered="4"/><counter type="COMPLEXITY" missed="7" covered="2"/><counter type="METHOD" missed="0" covered="1"/></method><method name="getReflectionGetterMethod" desc="(Ljava/lang/Class;Ljava/lang/Class;)Ljava/lang/reflect/Method;" line="3043"><counter type="INSTRUCTION" missed="0" covered="25"/><counter type="BRANCH" missed="0" covered="2"/><counter type="LINE" missed="0" covered="4"/><counter type="COMPLEXITY" missed="0" covered="2"/><counter type="METHOD" missed="0" covered="1"/></method><method name="getFieldSupplierMethod" desc="(Ljava/lang/Class;)Ljava/lang/reflect/Method;" line="3057"><counter type="INSTRUCTION" missed="0" covered="9"/><counter type="LINE" missed="0" covered="1"/><counter type="COMPLEXITY" missed="0" covered="1"/><counter type="METHOD" missed="0" covered="1"/></method><method name="getFieldConsumerMethod" desc="(Ljava/lang/Class;)Ljava/lang/reflect/Method;" line="3066"><counter type="INSTRUCTION" missed="0" covered="9"/><counter type="LINE" missed="0" covered="1"/><counter type="COMPLEXITY" missed="0" covered="1"/><counter type="METHOD" missed="0" covered="1"/></method><method name="addNewObjectIdInstanceMethod" desc="(Z)V" line="3075"><counter type="INSTRUCTION" missed="110" covered="277"/><counter type="BRANCH" missed="19" covered="27"/><counter type="LINE" missed="12" covered="47"/><counter type="COMPLEXITY" missed="15" covered="9"/><counter type="METHOD" missed="0" covered="1"/></method><method name="getStateManagerMethod" desc="(Ljava/lang/Class;Ljava/lang/String;ZZ)Ljava/lang/reflect/Method;" line="3199"><counter type="INSTRUCTION" missed="0" covered="9"/><counter type="LINE" missed="0" covered="1"/><counter type="COMPLEXITY" missed="0" covered="1"/><counter type="METHOD" missed="0" covered="1"/></method><method name="getMethod" desc="(Ljava/lang/Class;Ljava/lang/Class;Ljava/lang/String;ZZZ)Ljava/lang/reflect/Method;" line="3220"><counter type="INSTRUCTION" missed="5" covered="81"/><counter type="BRANCH" missed="1" covered="13"/><counter type="LINE" missed="2" covered="21"/><counter type="COMPLEXITY" missed="1" covered="7"/><counter type="METHOD" missed="0" covered="1"/></method><method name="enhanceClass" desc="(Lorg/apache/openjpa/util/asm/ClassNodeTracker;)V" line="3270"><counter type="INSTRUCTION" missed="16" covered="106"/><counter type="BRANCH" missed="5" covered="9"/><counter type="LINE" missed="5" covered="20"/><counter type="COMPLEXITY" missed="4" covered="4"/><counter type="METHOD" missed="0" covered="1"/></method><method name="addFields" desc="(Lorg/apache/openjpa/util/asm/ClassNodeTracker;)V" line="3332"><counter type="INSTRUCTION" missed="16" covered="93"/><counter type="BRANCH" missed="4" covered="4"/><counter type="LINE" missed="2" covered="16"/><counter type="COMPLEXITY" missed="3" covered="2"/><counter type="METHOD" missed="0" covered="1"/></method><method name="addStaticInitializer" desc="(Lorg/apache/openjpa/util/asm/ClassNodeTracker;)V" line="3361"><counter type="INSTRUCTION" missed="84" covered="347"/><counter type="BRANCH" missed="8" covered="10"/><counter type="LINE" missed="11" covered="52"/><counter type="COMPLEXITY" missed="6" covered="4"/><counter type="METHOD" missed="0" covered="1"/></method><method name="getFieldFlag" desc="(Lorg/apache/openjpa/meta/FieldMetaData;)B" line="3469"><counter type="INSTRUCTION" missed="14" covered="33"/><counter type="BRANCH" missed="3" covered="9"/><counter type="LINE" missed="3" covered="9"/><counter type="COMPLEXITY" missed="3" covered="4"/><counter type="METHOD" missed="0" covered="1"/></method><method name="addSerializationCode" desc="()V" line="3501"><counter type="INSTRUCTION" missed="34" covered="180"/><counter type="BRANCH" missed="11" covered="11"/><counter type="LINE" missed="7" covered="34"/><counter type="COMPLEXITY" missed="9" covered="3"/><counter type="METHOD" missed="0" covered="1"/></method><method name="addSubclassSerializationCode" desc="()V" line="3594"><counter type="INSTRUCTION" missed="133" covered="0"/><counter type="BRANCH" missed="4" covered="0"/><counter type="LINE" missed="22" covered="0"/><counter type="COMPLEXITY" missed="3" covered="0"/><counter type="METHOD" missed="1" covered="0"/></method><method name="externalizeDetached" desc="()Z" line="3633"><counter type="INSTRUCTION" missed="0" covered="22"/><counter type="BRANCH" missed="1" covered="5"/><counter type="LINE" missed="0" covered="4"/><counter type="COMPLEXITY" missed="1" covered="3"/><counter type="METHOD" missed="0" covered="1"/></method><method name="modifyWriteObjectMethod" desc="(Lorg/apache/xbean/asm9/tree/ClassNode;Lorg/apache/xbean/asm9/tree/MethodNode;Z)V" line="3645"><counter type="INSTRUCTION" missed="4" covered="151"/><counter type="BRANCH" missed="2" covered="4"/><counter type="LINE" missed="0" covered="30"/><counter type="COMPLEXITY" missed="2" covered="2"/><counter type="METHOD" missed="0" covered="1"/></method><method name="modifyReadObjectMethod" desc="(Lorg/apache/xbean/asm9/tree/ClassNode;Lorg/apache/xbean/asm9/tree/MethodNode;Z)V" line="3696"><counter type="INSTRUCTION" missed="35" covered="43"/><counter type="BRANCH" missed="2" covered="2"/><counter type="LINE" missed="6" covered="10"/><counter type="COMPLEXITY" missed="2" covered="1"/><counter type="METHOD" missed="0" covered="1"/></method><method name="addIsDetachedMethod" desc="(Lorg/apache/xbean/asm9/tree/ClassNode;)V" line="3733"><counter type="INSTRUCTION" missed="0" covered="57"/><counter type="BRANCH" missed="0" covered="2"/><counter type="LINE" missed="0" covered="12"/><counter type="COMPLEXITY" missed="0" covered="2"/><counter type="METHOD" missed="0" covered="1"/></method><method name="writeIsDetachedMethod" desc="(Lorg/apache/xbean/asm9/tree/ClassNode;Lorg/apache/xbean/asm9/tree/MethodNode;)Z" line="3766"><counter type="INSTRUCTION" missed="286" covered="399"/><counter type="BRANCH" missed="19" covered="23"/><counter type="LINE" missed="57" covered="81"/><counter type="COMPLEXITY" missed="15" covered="7"/><counter type="METHOD" missed="0" covered="1"/></method><method name="ifDefaultValue" desc="(Lorg/apache/xbean/asm9/tree/InsnList;Lorg/apache/openjpa/meta/FieldMetaData;)Lorg/apache/xbean/asm9/tree/LabelNode;" line="4005"><counter type="INSTRUCTION" missed="81" covered="0"/><counter type="BRANCH" missed="5" covered="0"/><counter type="LINE" missed="18" covered="0"/><counter type="COMPLEXITY" missed="5" covered="0"/><counter type="METHOD" missed="1" covered="0"/></method><method name="getOrCreateClassInitMethod" desc="(Lorg/apache/xbean/asm9/tree/ClassNode;)Lorg/apache/xbean/asm9/tree/MethodNode;" line="4040"><counter type="INSTRUCTION" missed="4" covered="33"/><counter type="BRANCH" missed="1" covered="1"/><counter type="LINE" missed="1" covered="8"/><counter type="COMPLEXITY" missed="1" covered="1"/><counter type="METHOD" missed="0" covered="1"/></method><method name="addCloningCode" desc="()V" line="4069"><counter type="INSTRUCTION" missed="143" covered="39"/><counter type="BRANCH" missed="19" covered="3"/><counter type="LINE" missed="25" covered="10"/><counter type="COMPLEXITY" missed="11" covered="1"/><counter type="METHOD" missed="0" covered="1"/></method><method name="getAuxiliaryEnhancers" desc="()[Lorg/apache/openjpa/enhance/PCEnhancer$AuxiliaryEnhancer;" line="4143"><counter type="INSTRUCTION" missed="2" covered="0"/><counter type="LINE" missed="1" covered="0"/><counter type="COMPLEXITY" missed="1" covered="0"/><counter type="METHOD" missed="1" covered="0"/></method><method name="runAuxiliaryEnhancers" desc="()V" line="4150"><counter type="INSTRUCTION" missed="13" covered="11"/><counter type="BRANCH" missed="1" covered="1"/><counter type="LINE" missed="1" covered="2"/><counter type="COMPLEXITY" missed="1" covered="1"/><counter type="METHOD" missed="0" covered="1"/></method><method name="skipEnhance" desc="(Lorg/apache/xbean/asm9/tree/MethodNode;)Z" line="4163"><counter type="INSTRUCTION" missed="12" covered="24"/><counter type="BRANCH" missed="4" covered="4"/><counter type="LINE" missed="2" covered="4"/><counter type="COMPLEXITY" missed="3" covered="2"/><counter type="METHOD" missed="0" covered="1"/></method><method name="addAccessors" desc="(Lorg/apache/openjpa/util/asm/ClassNodeTracker;)V" line="4181"><counter type="INSTRUCTION" missed="19" covered="43"/><counter type="BRANCH" missed="3" covered="7"/><counter type="LINE" missed="2" covered="8"/><counter type="COMPLEXITY" missed="2" covered="4"/><counter type="METHOD" missed="0" covered="1"/></method><method name="addSubclassSetMethod" desc="(Lorg/apache/xbean/asm9/tree/ClassNode;Lorg/apache/openjpa/meta/FieldMetaData;)V" line="4202"><counter type="INSTRUCTION" missed="122" covered="0"/><counter type="BRANCH" missed="2" covered="0"/><counter type="LINE" missed="21" covered="0"/><counter type="COMPLEXITY" missed="2" covered="0"/><counter type="METHOD" missed="1" covered="0"/></method><method name="setVisibilityToSuperMethod" desc="(Lorg/apache/xbean/asm9/tree/MethodNode;)Z" line="4240"><counter type="INSTRUCTION" missed="82" covered="0"/><counter type="BRANCH" missed="8" covered="0"/><counter type="LINE" missed="18" covered="0"/><counter type="COMPLEXITY" missed="5" covered="0"/><counter type="METHOD" missed="1" covered="0"/></method><method name="addSubclassGetMethod" desc="(Lorg/apache/xbean/asm9/tree/ClassNode;Lorg/apache/openjpa/meta/FieldMetaData;)V" line="4269"><counter type="INSTRUCTION" missed="90" covered="0"/><counter type="BRANCH" missed="4" covered="0"/><counter type="LINE" missed="21" covered="0"/><counter type="COMPLEXITY" missed="3" covered="0"/><counter type="METHOD" missed="1" covered="0"/></method><method name="addGetMethod" desc="(Lorg/apache/xbean/asm9/tree/ClassNode;ILorg/apache/openjpa/meta/FieldMetaData;)V" line="4312"><counter type="INSTRUCTION" missed="22" covered="163"/><counter type="BRANCH" missed="2" covered="2"/><counter type="LINE" missed="4" covered="29"/><counter type="COMPLEXITY" missed="2" covered="1"/><counter type="METHOD" missed="0" covered="1"/></method><method name="addSetMethod" desc="(Lorg/apache/xbean/asm9/tree/ClassNode;ILorg/apache/openjpa/meta/FieldMetaData;)V" line="4367"><counter type="INSTRUCTION" missed="26" covered="165"/><counter type="BRANCH" missed="3" covered="1"/><counter type="LINE" missed="3" covered="31"/><counter type="COMPLEXITY" missed="2" covered="1"/><counter type="METHOD" missed="0" covered="1"/></method><method name="addAttachDetachCode" desc="()V" line="4426"><counter type="INSTRUCTION" missed="25" covered="44"/><counter type="BRANCH" missed="9" covered="7"/><counter type="LINE" missed="5" covered="11"/><counter type="COMPLEXITY" missed="6" covered="3"/><counter type="METHOD" missed="0" covered="1"/></method><method name="addDetachedStateMethods" desc="(Z)V" line="4463"><counter type="INSTRUCTION" missed="6" covered="141"/><counter type="BRANCH" missed="2" covered="8"/><counter type="LINE" missed="2" covered="28"/><counter type="COMPLEXITY" missed="2" covered="4"/><counter type="METHOD" missed="0" covered="1"/></method><method name="getfield" desc="(Lorg/apache/xbean/asm9/tree/ClassNode;Lorg/apache/xbean/asm9/tree/InsnList;Ljava/lang/Class;Ljava/lang/String;Ljava/lang/Class;)V" line="4526"><counter type="INSTRUCTION" missed="6" covered="114"/><counter type="BRANCH" missed="3" covered="9"/><counter type="LINE" missed="2" covered="21"/><counter type="COMPLEXITY" missed="3" covered="4"/><counter type="METHOD" missed="0" covered="1"/></method><method name="findField" desc="(Lorg/apache/xbean/asm9/tree/ClassNode;Ljava/lang/Class;Ljava/lang/String;)Lorg/apache/xbean/asm9/tree/FieldNode;" line="4569"><counter type="INSTRUCTION" missed="16" covered="35"/><counter type="BRANCH" missed="4" covered="4"/><counter type="LINE" missed="5" covered="9"/><counter type="COMPLEXITY" missed="3" covered="2"/><counter type="METHOD" missed="0" covered="1"/></method><method name="putfield" desc="(Lorg/apache/xbean/asm9/tree/ClassNode;Lorg/apache/xbean/asm9/tree/InsnList;Ljava/lang/Class;Ljava/lang/String;Ljava/lang/Class;)V" line="4605"><counter type="INSTRUCTION" missed="3" covered="101"/><counter type="BRANCH" missed="2" covered="6"/><counter type="LINE" missed="1" covered="18"/><counter type="COMPLEXITY" missed="2" covered="3"/><counter type="METHOD" missed="0" covered="1"/></method><method name="toBackingFieldName" desc="(Ljava/lang/String;)Ljava/lang/String;" line="4644"><counter type="INSTRUCTION" missed="2" covered="31"/><counter type="BRANCH" missed="4" covered="6"/><counter type="LINE" missed="0" covered="5"/><counter type="COMPLEXITY" missed="4" covered="2"/><counter type="METHOD" missed="0" covered="1"/></method><method name="fromBackingFieldName" desc="(Ljava/lang/String;)Ljava/lang/String;" line="4658"><counter type="INSTRUCTION" missed="4" covered="29"/><counter type="BRANCH" missed="5" covered="5"/><counter type="LINE" missed="1" covered="4"/><counter type="COMPLEXITY" missed="5" covered="1"/><counter type="METHOD" missed="0" covered="1"/></method><method name="addDetachExternalize" desc="(ZZ)V" line="4675"><counter type="INSTRUCTION" missed="41" covered="169"/><counter type="BRANCH" missed="9" covered="13"/><counter type="LINE" missed="5" covered="34"/><counter type="COMPLEXITY" missed="8" covered="4"/><counter type="METHOD" missed="0" covered="1"/></method><method name="addReadExternal" desc="(ZZ)V" line="4741"><counter type="INSTRUCTION" missed="24" covered="212"/><counter type="BRANCH" missed="3" covered="3"/><counter type="LINE" missed="4" covered="35"/><counter type="COMPLEXITY" missed="3" covered="1"/><counter type="METHOD" missed="0" covered="1"/></method><method name="addReadExternalFields" desc="()V" line="4815"><counter type="INSTRUCTION" missed="24" covered="88"/><counter type="BRANCH" missed="2" covered="4"/><counter type="LINE" missed="4" covered="15"/><counter type="COMPLEXITY" missed="2" covered="2"/><counter type="METHOD" missed="0" covered="1"/></method><method name="addReadUnmanaged" desc="(Ljava/util/List;Z)V" line="4852"><counter type="INSTRUCTION" missed="28" covered="72"/><counter type="BRANCH" missed="1" covered="3"/><counter type="LINE" missed="4" covered="13"/><counter type="COMPLEXITY" missed="1" covered="2"/><counter type="METHOD" missed="0" covered="1"/></method><method name="readExternal" desc="(Lorg/apache/xbean/asm9/tree/ClassNode;Lorg/apache/xbean/asm9/tree/InsnList;Ljava/lang/String;Lorg/apache/xbean/asm9/Type;Lorg/apache/openjpa/meta/FieldMetaData;)V" line="4886"><counter type="INSTRUCTION" missed="84" covered="113"/><counter type="BRANCH" missed="5" covered="15"/><counter type="LINE" missed="13" covered="24"/><counter type="COMPLEXITY" missed="5" covered="6"/><counter type="METHOD" missed="0" covered="1"/></method><method name="addWriteExternal" desc="(ZZ)V" line="4956"><counter type="INSTRUCTION" missed="24" covered="282"/><counter type="BRANCH" missed="4" covered="4"/><counter type="LINE" missed="4" covered="48"/><counter type="COMPLEXITY" missed="4" covered="1"/><counter type="METHOD" missed="0" covered="1"/></method><method name="addWriteExternalFields" desc="()V" line="5049"><counter type="INSTRUCTION" missed="24" covered="83"/><counter type="BRANCH" missed="2" covered="4"/><counter type="LINE" missed="4" covered="15"/><counter type="COMPLEXITY" missed="2" covered="2"/><counter type="METHOD" missed="0" covered="1"/></method><method name="addWriteUnmanaged" desc="(Ljava/util/List;Z)V" line="5087"><counter type="INSTRUCTION" missed="28" covered="67"/><counter type="BRANCH" missed="1" covered="3"/><counter type="LINE" missed="4" covered="12"/><counter type="COMPLEXITY" missed="1" covered="2"/><counter type="METHOD" missed="0" covered="1"/></method><method name="writeExternal" desc="(Lorg/apache/xbean/asm9/tree/ClassNode;Lorg/apache/xbean/asm9/tree/InsnList;Ljava/lang/String;Lorg/apache/xbean/asm9/Type;Lorg/apache/openjpa/meta/FieldMetaData;)V" line="5119"><counter type="INSTRUCTION" missed="10" covered="115"/><counter type="BRANCH" missed="4" covered="12"/><counter type="LINE" missed="1" covered="21"/><counter type="COMPLEXITY" missed="4" covered="5"/><counter type="METHOD" missed="0" covered="1"/></method><method name="addGetManagedValueCode" desc="(Lorg/apache/xbean/asm9/tree/ClassNode;Lorg/apache/xbean/asm9/tree/InsnList;Lorg/apache/openjpa/meta/FieldMetaData;Z)V" line="5179"><counter type="INSTRUCTION" missed="33" covered="41"/><counter type="BRANCH" missed="3" covered="5"/><counter type="LINE" missed="8" covered="8"/><counter type="COMPLEXITY" missed="2" covered="3"/><counter type="METHOD" missed="0" covered="1"/></method><method name="getSetValueInsns" desc="(Lorg/apache/xbean/asm9/tree/ClassNode;Lorg/apache/openjpa/meta/FieldMetaData;Ljava/lang/Object;)Lorg/apache/xbean/asm9/tree/InsnList;" line="5216"><counter type="INSTRUCTION" missed="23" covered="61"/><counter type="BRANCH" missed="1" covered="7"/><counter type="LINE" missed="4" covered="11"/><counter type="COMPLEXITY" missed="1" covered="4"/><counter type="METHOD" missed="0" covered="1"/></method><method name="addSetManagedValueCode" desc="(Lorg/apache/xbean/asm9/tree/ClassNode;Lorg/apache/xbean/asm9/tree/InsnList;Lorg/apache/openjpa/meta/FieldMetaData;)V" line="5265"><counter type="INSTRUCTION" missed="21" covered="45"/><counter type="BRANCH" missed="1" covered="5"/><counter type="LINE" missed="3" covered="7"/><counter type="COMPLEXITY" missed="1" covered="3"/><counter type="METHOD" missed="0" covered="1"/></method><method name="loadManagedInstance" desc="()Lorg/apache/xbean/asm9/tree/AbstractInsnNode;" line="5297"><counter type="INSTRUCTION" missed="0" covered="6"/><counter type="LINE" missed="0" covered="1"/><counter type="COMPLEXITY" missed="0" covered="1"/><counter type="METHOD" missed="0" covered="1"/></method><method name="isPropertyAccess" desc="(Lorg/apache/openjpa/meta/ClassMetaData;)Z" line="5304"><counter type="INSTRUCTION" missed="0" covered="13"/><counter type="BRANCH" missed="1" covered="5"/><counter type="LINE" missed="0" covered="2"/><counter type="COMPLEXITY" missed="1" covered="3"/><counter type="METHOD" missed="0" covered="1"/></method><method name="isPropertyAccess" desc="(Lorg/apache/openjpa/meta/FieldMetaData;)Z" line="5312"><counter type="INSTRUCTION" missed="0" covered="10"/><counter type="BRANCH" missed="0" covered="4"/><counter type="LINE" missed="0" covered="1"/><counter type="COMPLEXITY" missed="0" covered="3"/><counter type="METHOD" missed="0" covered="1"/></method><method name="isFieldAccess" desc="(Lorg/apache/openjpa/meta/FieldMetaData;)Z" line="5319"><counter type="INSTRUCTION" missed="0" covered="10"/><counter type="BRANCH" missed="1" covered="3"/><counter type="LINE" missed="0" covered="1"/><counter type="COMPLEXITY" missed="1" covered="2"/><counter type="METHOD" missed="0" covered="1"/></method><method name="createGetMethod" desc="(Lorg/apache/xbean/asm9/tree/ClassNode;Lorg/apache/openjpa/meta/FieldMetaData;)Lorg/apache/xbean/asm9/tree/MethodNode;" line="5327"><counter type="INSTRUCTION" missed="0" covered="94"/><counter type="BRANCH" missed="0" covered="2"/><counter type="LINE" missed="0" covered="19"/><counter type="COMPLEXITY" missed="0" covered="2"/><counter type="METHOD" missed="0" covered="1"/></method><method name="moveAnnotations" desc="(Lorg/apache/xbean/asm9/tree/MethodNode;Lorg/apache/xbean/asm9/tree/MethodNode;)V" line="5370"><counter type="INSTRUCTION" missed="17" covered="4"/><counter type="BRANCH" missed="3" covered="1"/><counter type="LINE" missed="4" covered="2"/><counter type="COMPLEXITY" missed="2" covered="1"/><counter type="METHOD" missed="0" covered="1"/></method><method name="createSetMethod" desc="(Lorg/apache/xbean/asm9/tree/ClassNode;Lorg/apache/openjpa/meta/FieldMetaData;)Lorg/apache/xbean/asm9/tree/MethodNode;" line="5385"><counter type="INSTRUCTION" missed="0" covered="106"/><counter type="BRANCH" missed="0" covered="2"/><counter type="LINE" missed="0" covered="19"/><counter type="COMPLEXITY" missed="0" covered="2"/><counter type="METHOD" missed="0" covered="1"/></method><method name="addGetEnhancementContractVersionMethod" desc="(Lorg/apache/openjpa/util/asm/ClassNodeTracker;)V" line="5425"><counter type="INSTRUCTION" missed="0" covered="32"/><counter type="LINE" missed="0" covered="6"/><counter type="COMPLEXITY" missed="0" covered="1"/><counter type="METHOD" missed="0" covered="1"/></method><method name="getType" desc="(Lorg/apache/openjpa/meta/ClassMetaData;)Ljava/lang/Class;" line="5439"><counter type="INSTRUCTION" missed="3" covered="6"/><counter type="BRANCH" missed="1" covered="1"/><counter type="LINE" missed="1" covered="2"/><counter type="COMPLEXITY" missed="1" covered="1"/><counter type="METHOD" missed="0" covered="1"/></method><method name="main" desc="([Ljava/lang/String;)V" line="5486"><counter type="INSTRUCTION" missed="18" covered="0"/><counter type="BRANCH" missed="2" covered="0"/><counter type="LINE" missed="5" covered="0"/><counter type="COMPLEXITY" missed="2" covered="0"/><counter type="METHOD" missed="1" covered="0"/></method><method name="run" desc="([Ljava/lang/String;Lorg/apache/openjpa/lib/util/Options;)Z" line="5500"><counter type="INSTRUCTION" missed="5" covered="0"/><counter type="LINE" missed="1" covered="0"/><counter type="COMPLEXITY" missed="1" covered="0"/><counter type="METHOD" missed="1" covered="0"/></method><method name="run" desc="(Lorg/apache/openjpa/conf/OpenJPAConfiguration;[Ljava/lang/String;Lorg/apache/openjpa/lib/util/Options;)Z" line="5518"><counter type="INSTRUCTION" missed="0" covered="55"/><counter type="LINE" missed="0" covered="12"/><counter type="COMPLEXITY" missed="0" covered="1"/><counter type="METHOD" missed="0" covered="1"/></method><method name="run" desc="(Lorg/apache/openjpa/conf/OpenJPAConfiguration;[Ljava/lang/String;Lorg/apache/openjpa/enhance/PCEnhancer$Flags;Lorg/apache/openjpa/meta/MetaDataRepository;Lorg/apache/openjpa/util/asm/BytecodeWriter;Ljava/lang/ClassLoader;)Z" line="5544"><counter type="INSTRUCTION" missed="48" covered="154"/><counter type="BRANCH" missed="13" covered="23"/><counter type="LINE" missed="10" covered="40"/><counter type="COMPLEXITY" missed="10" covered="9"/><counter type="METHOD" missed="0" covered="1"/></method><method name="addGetIDOwningClass" desc="()V" line="5647"><counter type="INSTRUCTION" missed="36" covered="0"/><counter type="LINE" missed="6" covered="0"/><counter type="COMPLEXITY" missed="1" covered="0"/><counter type="METHOD" missed="1" covered="0"/></method><method name="checkEnhancementLevel" desc="(Ljava/lang/Class;Lorg/apache/openjpa/lib/log/Log;)Z" line="5668"><counter type="INSTRUCTION" missed="4" covered="42"/><counter type="BRANCH" missed="3" covered="5"/><counter type="LINE" missed="2" covered="8"/><counter type="COMPLEXITY" missed="3" covered="2"/><counter type="METHOD" missed="0" covered="1"/></method><method name="configureOptimizeIdCopy" desc="()V" line="5687"><counter type="INSTRUCTION" missed="0" covered="14"/><counter type="BRANCH" missed="2" covered="2"/><counter type="LINE" missed="0" covered="3"/><counter type="COMPLEXITY" missed="2" covered="1"/><counter type="METHOD" missed="0" covered="1"/></method><method name="optimizeIdCopy" desc="(Ljava/lang/Class;[Lorg/apache/openjpa/meta/FieldMetaData;)Ljava/util/ArrayList;" line="5702"><counter type="INSTRUCTION" missed="11" covered="59"/><counter type="BRANCH" missed="7" covered="9"/><counter type="LINE" missed="3" covered="12"/><counter type="COMPLEXITY" missed="6" covered="3"/><counter type="METHOD" missed="0" covered="1"/></method><method name="getIdClassConstructorParmOrder" desc="(Ljava/lang/Class;Ljava/util/List;[Lorg/apache/openjpa/meta/FieldMetaData;)[I" line="5737"><counter type="INSTRUCTION" missed="6" covered="129"/><counter type="BRANCH" missed="7" covered="15"/><counter type="LINE" missed="4" covered="30"/><counter type="COMPLEXITY" missed="7" covered="5"/><counter type="METHOD" missed="0" covered="1"/></method><method name="listSize" desc="(Ljava/util/Collection;)I" line="5806"><counter type="INSTRUCTION" missed="2" covered="5"/><counter type="BRANCH" missed="1" covered="1"/><counter type="LINE" missed="0" covered="1"/><counter type="COMPLEXITY" missed="1" covered="1"/><counter type="METHOD" missed="0" covered="1"/></method><method name="lambda$getIdClassConstructorParmOrder$25" desc="(Lorg/apache/xbean/asm9/tree/AbstractInsnNode;)Z" line="5763"><counter type="INSTRUCTION" missed="0" covered="8"/><counter type="BRANCH" missed="0" covered="2"/><counter type="LINE" missed="0" covered="1"/><counter type="COMPLEXITY" missed="0" covered="2"/><counter type="METHOD" missed="0" covered="1"/></method><method name="lambda$getIdClassConstructorParmOrder$24" desc="(Lorg/apache/xbean/asm9/tree/MethodNode;)Z" line="5739"><counter type="INSTRUCTION" missed="0" covered="5"/><counter type="LINE" missed="0" covered="1"/><counter type="COMPLEXITY" missed="0" covered="1"/><counter type="METHOD" missed="0" covered="1"/></method><method name="lambda$run$23" desc="([Ljava/lang/String;Lorg/apache/openjpa/lib/util/Options;)Z" line="5502"><counter type="INSTRUCTION" missed="13" covered="0"/><counter type="LINE" missed="3" covered="0"/><counter type="COMPLEXITY" missed="1" covered="0"/><counter type="METHOD" missed="1" covered="0"/></method><method name="lambda$createSetMethod$22" desc="(Lorg/apache/openjpa/meta/FieldMetaData;Lorg/apache/xbean/asm9/tree/FieldNode;)Z" line="5388"><counter type="INSTRUCTION" missed="0" covered="6"/><counter type="LINE" missed="0" covered="1"/><counter type="COMPLEXITY" missed="0" covered="1"/><counter type="METHOD" missed="0" covered="1"/></method><method name="lambda$createGetMethod$21" desc="(Lorg/apache/openjpa/meta/FieldMetaData;Lorg/apache/xbean/asm9/tree/FieldNode;)Z" line="5330"><counter type="INSTRUCTION" missed="0" covered="6"/><counter type="LINE" missed="0" covered="1"/><counter type="COMPLEXITY" missed="0" covered="1"/><counter type="METHOD" missed="0" covered="1"/></method><method name="lambda$addDetachExternalize$20" desc="(Ljava/lang/String;Lorg/apache/xbean/asm9/tree/MethodNode;)Z" line="4713"><counter type="INSTRUCTION" missed="7" covered="7"/><counter type="BRANCH" missed="3" covered="1"/><counter type="LINE" missed="0" covered="1"/><counter type="COMPLEXITY" missed="2" covered="1"/><counter type="METHOD" missed="0" covered="1"/></method><method name="lambda$addDetachExternalize$19" desc="(Ljava/lang/String;Lorg/apache/xbean/asm9/tree/MethodNode;)Z" line="4709"><counter type="INSTRUCTION" missed="7" covered="7"/><counter type="BRANCH" missed="3" covered="1"/><counter type="LINE" missed="0" covered="1"/><counter type="COMPLEXITY" missed="2" covered="1"/><counter type="METHOD" missed="0" covered="1"/></method><method name="lambda$addDetachExternalize$18" desc="(Ljava/lang/String;Lorg/apache/xbean/asm9/tree/MethodNode;)Z" line="4701"><counter type="INSTRUCTION" missed="7" covered="7"/><counter type="BRANCH" missed="3" covered="1"/><counter type="LINE" missed="0" covered="1"/><counter type="COMPLEXITY" missed="2" covered="1"/><counter type="METHOD" missed="0" covered="1"/></method><method name="lambda$addDetachExternalize$17" desc="(Ljava/lang/String;Lorg/apache/xbean/asm9/tree/MethodNode;)Z" line="4697"><counter type="INSTRUCTION" missed="7" covered="7"/><counter type="BRANCH" missed="3" covered="1"/><counter type="LINE" missed="0" covered="1"/><counter type="COMPLEXITY" missed="2" covered="1"/><counter type="METHOD" missed="0" covered="1"/></method><method name="lambda$addDetachExternalize$16" desc="(Lorg/apache/xbean/asm9/tree/MethodNode;)Z" line="4676"><counter type="INSTRUCTION" missed="1" covered="13"/><counter type="BRANCH" missed="2" covered="2"/><counter type="LINE" missed="0" covered="1"/><counter type="COMPLEXITY" missed="2" covered="1"/><counter type="METHOD" missed="0" covered="1"/></method><method name="lambda$findField$15" desc="(Ljava/lang/String;Lorg/apache/xbean/asm9/tree/FieldNode;)Z" line="4571"><counter type="INSTRUCTION" missed="0" covered="5"/><counter type="LINE" missed="0" covered="1"/><counter type="COMPLEXITY" missed="0" covered="1"/><counter type="METHOD" missed="0" covered="1"/></method><method name="lambda$addSubclassGetMethod$14" desc="(Ljava/lang/String;Lorg/apache/xbean/asm9/tree/MethodNode;)Z" line="4273"><counter type="INSTRUCTION" missed="16" covered="0"/><counter type="BRANCH" missed="6" covered="0"/><counter type="LINE" missed="1" covered="0"/><counter type="COMPLEXITY" missed="4" covered="0"/><counter type="METHOD" missed="1" covered="0"/></method><method name="lambda$setVisibilityToSuperMethod$13" desc="(Lorg/apache/xbean/asm9/tree/MethodNode;Lorg/apache/xbean/asm9/tree/MethodNode;)Z" line="4242"><counter type="INSTRUCTION" missed="16" covered="0"/><counter type="BRANCH" missed="4" covered="0"/><counter type="LINE" missed="1" covered="0"/><counter type="COMPLEXITY" missed="3" covered="0"/><counter type="METHOD" missed="1" covered="0"/></method><method name="lambda$addCloningCode$12" desc="(Lorg/apache/xbean/asm9/tree/AbstractInsnNode;)Z" line="4125"><counter type="INSTRUCTION" missed="17" covered="0"/><counter type="BRANCH" missed="6" covered="0"/><counter type="LINE" missed="2" covered="0"/><counter type="COMPLEXITY" missed="4" covered="0"/><counter type="METHOD" missed="1" covered="0"/></method><method name="lambda$getOrCreateClassInitMethod$11" desc="(Lorg/apache/xbean/asm9/tree/MethodNode;)Z" line="4041"><counter type="INSTRUCTION" missed="0" covered="5"/><counter type="LINE" missed="0" covered="1"/><counter type="COMPLEXITY" missed="0" covered="1"/><counter type="METHOD" missed="0" covered="1"/></method><method name="lambda$modifyWriteObjectMethod$10" desc="(Lorg/apache/xbean/asm9/tree/AbstractInsnNode;)Z" line="3671"><counter type="INSTRUCTION" missed="0" covered="8"/><counter type="BRANCH" missed="0" covered="2"/><counter type="LINE" missed="0" covered="1"/><counter type="COMPLEXITY" missed="0" covered="2"/><counter type="METHOD" missed="0" covered="1"/></method><method name="lambda$addSerializationCode$9" desc="(Lorg/apache/xbean/asm9/tree/FieldNode;)Z" line="3520"><counter type="INSTRUCTION" missed="0" covered="5"/><counter type="LINE" missed="0" covered="1"/><counter type="COMPLEXITY" missed="0" covered="1"/><counter type="METHOD" missed="0" covered="1"/></method><method name="lambda$enhanceClass$8" desc="(Lorg/apache/xbean/asm9/tree/MethodNode;)Z" line="3278"><counter type="INSTRUCTION" missed="0" covered="14"/><counter type="BRANCH" missed="0" covered="4"/><counter type="LINE" missed="0" covered="1"/><counter type="COMPLEXITY" missed="0" covered="3"/><counter type="METHOD" missed="0" covered="1"/></method><method name="lambda$addCopyKeyFieldsToObjectIdMethod$7" desc="(I)[Lorg/apache/xbean/asm9/Type;" line="2312"><counter type="INSTRUCTION" missed="0" covered="3"/><counter type="LINE" missed="0" covered="1"/><counter type="COMPLEXITY" missed="0" covered="1"/><counter type="METHOD" missed="0" covered="1"/></method><method name="lambda$translateFromStateManagerMethod$6" desc="(I)[Lorg/apache/xbean/asm9/Type;" line="1916"><counter type="INSTRUCTION" missed="0" covered="3"/><counter type="LINE" missed="0" covered="1"/><counter type="COMPLEXITY" missed="0" covered="1"/><counter type="METHOD" missed="0" covered="1"/></method><method name="lambda$replaceAndValidateFieldAccess$5" desc="(Lorg/apache/xbean/asm9/tree/AbstractInsnNode;)Z" line="1056"><counter type="INSTRUCTION" missed="0" covered="8"/><counter type="BRANCH" missed="0" covered="2"/><counter type="LINE" missed="0" covered="1"/><counter type="COMPLEXITY" missed="0" covered="2"/><counter type="METHOD" missed="0" covered="1"/></method><method name="lambda$replaceAndValidateFieldAccess$4" desc="(Lorg/apache/xbean/asm9/tree/AbstractInsnNode;)Z" line="1055"><counter type="INSTRUCTION" missed="0" covered="8"/><counter type="BRANCH" missed="0" covered="2"/><counter type="LINE" missed="0" covered="1"/><counter type="COMPLEXITY" missed="0" covered="2"/><counter type="METHOD" missed="0" covered="1"/></method><method name="lambda$getAssignedField$3" desc="(Lorg/apache/xbean/asm9/tree/AbstractInsnNode;)Z" line="896"><counter type="INSTRUCTION" missed="0" covered="8"/><counter type="BRANCH" missed="0" covered="2"/><counter type="LINE" missed="0" covered="1"/><counter type="COMPLEXITY" missed="0" covered="2"/><counter type="METHOD" missed="0" covered="1"/></method><method name="lambda$getReturnedField$2" desc="(Ljava/lang/reflect/Method;Lorg/apache/xbean/asm9/tree/AbstractInsnNode;)Z" line="887"><counter type="INSTRUCTION" missed="0" covered="10"/><counter type="BRANCH" missed="0" covered="2"/><counter type="LINE" missed="0" covered="1"/><counter type="COMPLEXITY" missed="0" covered="2"/><counter type="METHOD" missed="0" covered="1"/></method><method name="lambda$configureBCs$1" desc="(Lorg/apache/xbean/asm9/Attribute;)Z" line="614"><counter type="INSTRUCTION" missed="12" covered="0"/><counter type="BRANCH" missed="4" covered="0"/><counter type="LINE" missed="1" covered="0"/><counter type="COMPLEXITY" missed="3" covered="0"/><counter type="METHOD" missed="1" covered="0"/></method><method name="lambda$static$0" desc="(Ljava/lang/reflect/Method;)Z" line="154"><counter type="INSTRUCTION" missed="0" covered="15"/><counter type="BRANCH" missed="0" covered="4"/><counter type="LINE" missed="0" covered="1"/><counter type="COMPLEXITY" missed="0" covered="3"/><counter type="METHOD" missed="0" covered="1"/></method><method name="&lt;clinit&gt;" desc="()V" line="134"><counter type="INSTRUCTION" missed="17" covered="87"/><counter type="BRANCH" missed="3" covered="3"/><counter type="LINE" missed="6" covered="30"/><counter type="COMPLEXITY" missed="3" covered="1"/><counter type="METHOD" missed="0" covered="1"/></method><counter type="INSTRUCTION" missed="4337" covered="10072"/><counter type="BRANCH" missed="545" covered="672"/><counter type="LINE" missed="789" covered="1910"/><counter type="COMPLEXITY" missed="443" covered="350"/><counter type="METHOD" missed="22" covered="141"/><counter type="CLASS" missed="0" covered="1"/></class><sourcefile name="PCEnhancer.java"><line nr="134" mi="0" ci="2" mb="0" cb="0"/><line nr="135" mi="0" ci="3" mb="0" cb="0"/><line nr="137" mi="0" ci="2" mb="0" cb="0"/><line nr="140" mi="0" ci="2" mb="0" cb="0"/><line nr="141" mi="0" ci="2" mb="0" cb="0"/><line nr="142" mi="0" ci="2" mb="0" cb="0"/><line nr="144" mi="0" ci="2" mb="0" cb="0"/><line nr="145" mi="0" ci="2" mb="0" cb="0"/><line nr="149" mi="0" ci="3" mb="0" cb="0"/><line nr="153" mi="0" ci="4" mb="0" cb="0"/><line nr="154" mi="0" ci="16" mb="0" cb="4"/><line nr="155" mi="0" ci="4" mb="0" cb="0"/><line nr="158" mi="0" ci="4" mb="0" cb="0"/><line nr="160" mi="0" ci="2" mb="0" cb="0"/><line nr="161" mi="0" ci="1" mb="0" cb="0"/><line nr="162" mi="0" ci="6" mb="0" cb="0"/><line nr="163" mi="6" ci="10" mb="1" cb="1"/><line nr="165" mi="5" ci="0" mb="0" cb="0"/><line nr="166" mi="1" ci="0" mb="0" cb="0"/><line nr="168" mi="1" ci="0" mb="0" cb="0"/><line nr="170" mi="1" ci="0" mb="0" cb="0"/><line nr="172" mi="0" ci="3" mb="0" cb="0"/><line nr="173" mi="0" ci="3" mb="0" cb="0"/><line nr="175" mi="0" ci="2" mb="0" cb="0"/><line nr="176" mi="0" ci="4" mb="0" cb="0"/><line nr="178" mi="0" ci="4" mb="0" cb="0"/><line nr="179" mi="0" ci="2" mb="1" cb="1"/><line nr="180" mi="0" ci="2" mb="0" cb="0"/><line nr="181" mi="0" ci="3" mb="0" cb="0"/><line nr="184" mi="0" ci="5" mb="0" cb="0"/><line nr="186" mi="1" ci="0" mb="0" cb="0"/><line nr="187" mi="0" ci="1" mb="0" cb="0"/><line nr="188" mi="0" ci="2" mb="1" cb="1"/><line nr="189" mi="0" ci="3" mb="0" cb="0"/><line nr="194" mi="2" ci="0" mb="0" cb="0"/><line nr="196" mi="0" ci="1" mb="0" cb="0"/><line nr="202" mi="0" ci="6" mb="0" cb="0"/><line nr="219" mi="0" ci="6" mb="0" cb="0"/><line nr="220" mi="0" ci="6" mb="0" cb="0"/><line nr="221" mi="0" ci="6" mb="0" cb="0"/><line nr="222" mi="0" ci="6" mb="0" cb="0"/><line nr="223" mi="0" ci="6" mb="0" cb="0"/><line nr="224" mi="0" ci="6" mb="0" cb="0"/><line nr="225" mi="0" ci="6" mb="0" cb="0"/><line nr="226" mi="0" ci="6" mb="0" cb="0"/><line nr="227" mi="0" ci="6" mb="0" cb="0"/><line nr="228" mi="0" ci="6" mb="0" cb="0"/><line nr="229" mi="0" ci="6" mb="0" cb="0"/><line nr="230" mi="0" ci="6" mb="0" cb="0"/><line nr="231" mi="0" ci="6" mb="0" cb="0"/><line nr="233" mi="0" ci="6" mb="0" cb="0"/><line nr="241" mi="0" ci="10" mb="0" cb="0"/><line nr="242" mi="0" ci="1" mb="0" cb="0"/><line nr="250" mi="11" ci="0" mb="0" cb="0"/><line nr="251" mi="1" ci="0" mb="0" cb="0"/><line nr="269" mi="0" ci="6" mb="0" cb="0"/><line nr="270" mi="0" ci="1" mb="0" cb="0"/><line nr="286" mi="0" ci="2" mb="0" cb="0"/><line nr="289" mi="0" ci="4" mb="0" cb="0"/><line nr="290" mi="0" ci="3" mb="0" cb="0"/><line nr="291" mi="0" ci="4" mb="0" cb="0"/><line nr="293" mi="0" ci="5" mb="0" cb="0"/><line nr="295" mi="0" ci="2" mb="0" cb="2"/><line nr="296" mi="0" ci="4" mb="0" cb="0"/><line nr="297" mi="0" ci="5" mb="0" cb="0"/><line nr="300" mi="0" ci="3" mb="0" cb="0"/><line nr="303" mi="0" ci="9" mb="0" cb="0"/><line nr="305" mi="0" ci="2" mb="0" cb="0"/><line nr="306" mi="0" ci="1" mb="0" cb="0"/><line nr="325" mi="0" ci="2" mb="0" cb="0"/><line nr="327" mi="0" ci="4" mb="0" cb="0"/><line nr="328" mi="0" ci="3" mb="0" cb="0"/><line nr="329" mi="0" ci="4" mb="0" cb="0"/><line nr="331" mi="0" ci="4" mb="0" cb="0"/><line nr="332" mi="0" ci="2" mb="0" cb="0"/><line nr="334" mi="0" ci="3" mb="0" cb="0"/><line nr="335" mi="0" ci="3" mb="0" cb="0"/><line nr="336" mi="0" ci="1" mb="0" cb="0"/><line nr="339" mi="0" ci="4" mb="0" cb="0"/><line nr="340" mi="0" ci="6" mb="0" cb="0"/><line nr="345" mi="4" ci="0" mb="0" cb="0"/><line nr="346" mi="5" ci="0" mb="0" cb="0"/><line nr="356" mi="0" ci="8" mb="0" cb="2"/><line nr="357" mi="0" ci="5" mb="1" cb="1"/><line nr="368" mi="0" ci="3" mb="0" cb="2"/><line nr="369" mi="0" ci="4" mb="0" cb="0"/><line nr="370" mi="0" ci="4" mb="0" cb="0"/><line nr="371" mi="0" ci="7" mb="0" cb="0"/><line nr="373" mi="0" ci="5" mb="0" cb="0"/><line nr="376" mi="0" ci="2" mb="0" cb="0"/><line nr="384" mi="0" ci="3" mb="0" cb="0"/><line nr="394" mi="0" ci="3" mb="0" cb="0"/><line nr="402" mi="0" ci="3" mb="0" cb="0"/><line nr="412" mi="0" ci="3" mb="0" cb="0"/><line nr="422" mi="0" ci="3" mb="0" cb="0"/><line nr="423" mi="0" ci="1" mb="0" cb="0"/><line nr="433" mi="0" ci="3" mb="0" cb="0"/><line nr="444" mi="0" ci="3" mb="0" cb="0"/><line nr="445" mi="0" ci="1" mb="0" cb="0"/><line nr="454" mi="3" ci="0" mb="0" cb="0"/><line nr="464" mi="3" ci="0" mb="0" cb="0"/><line nr="474" mi="0" ci="3" mb="0" cb="0"/><line nr="484" mi="0" ci="3" mb="0" cb="0"/><line nr="485" mi="0" ci="3" mb="0" cb="0"/><line nr="486" mi="0" ci="1" mb="0" cb="0"/><line nr="494" mi="0" ci="3" mb="0" cb="0"/><line nr="503" mi="0" ci="3" mb="0" cb="0"/><line nr="504" mi="0" ci="1" mb="0" cb="0"/><line nr="512" mi="0" ci="3" mb="0" cb="0"/><line nr="521" mi="0" ci="3" mb="0" cb="0"/><line nr="522" mi="0" ci="1" mb="0" cb="0"/><line nr="528" mi="3" ci="0" mb="0" cb="0"/><line nr="535" mi="0" ci="3" mb="0" cb="0"/><line nr="536" mi="0" ci="1" mb="0" cb="0"/><line nr="546" mi="0" ci="7" mb="1" cb="1"/><line nr="547" mi="2" ci="0" mb="0" cb="0"/><line nr="551" mi="0" ci="7" mb="0" cb="2"/><line nr="552" mi="0" ci="2" mb="0" cb="0"/><line nr="557" mi="0" ci="4" mb="0" cb="0"/><line nr="558" mi="0" ci="13" mb="0" cb="2"/><line nr="559" mi="0" ci="3" mb="0" cb="0"/><line nr="560" mi="0" ci="4" mb="0" cb="2"/><line nr="561" mi="0" ci="4" mb="1" cb="1"/><line nr="562" mi="11" ci="0" mb="0" cb="0"/><line nr="564" mi="0" ci="2" mb="0" cb="0"/><line nr="566" mi="0" ci="1" mb="0" cb="0"/><line nr="568" mi="0" ci="4" mb="1" cb="1"/><line nr="569" mi="10" ci="0" mb="0" cb="0"/><line nr="573" mi="0" ci="2" mb="0" cb="0"/><line nr="577" mi="0" ci="5" mb="0" cb="2"/><line nr="578" mi="0" ci="2" mb="0" cb="0"/><line nr="579" mi="0" ci="3" mb="0" cb="2"/><line nr="580" mi="0" ci="2" mb="0" cb="0"/><line nr="583" mi="0" ci="2" mb="0" cb="0"/><line nr="584" mi="0" ci="2" mb="0" cb="0"/><line nr="586" mi="0" ci="3" mb="0" cb="2"/><line nr="587" mi="0" ci="4" mb="0" cb="0"/><line nr="588" mi="0" ci="4" mb="0" cb="0"/><line nr="589" mi="0" ci="4" mb="0" cb="0"/><line nr="590" mi="0" ci="2" mb="0" cb="0"/><line nr="591" mi="0" ci="4" mb="0" cb="0"/><line nr="592" mi="0" ci="2" mb="0" cb="0"/><line nr="593" mi="0" ci="2" mb="0" cb="0"/><line nr="594" mi="0" ci="2" mb="0" cb="0"/><line nr="595" mi="0" ci="2" mb="0" cb="0"/><line nr="597" mi="0" ci="2" mb="0" cb="0"/><line nr="599" mi="0" ci="2" mb="0" cb="0"/><line nr="601" mi="0" ci="1" mb="0" cb="0"/><line nr="602" mi="0" ci="2" mb="0" cb="0"/><line nr="604" mi="1" ci="0" mb="0" cb="0"/><line nr="605" mi="10" ci="0" mb="0" cb="0"/><line nr="606" mi="4" ci="0" mb="0" cb="0"/><line nr="611" mi="0" ci="3" mb="1" cb="1"/><line nr="612" mi="0" ci="3" mb="0" cb="2"/><line nr="613" mi="2" ci="5" mb="1" cb="1"/><line nr="614" mi="20" ci="2" mb="6" cb="0"/><line nr="616" mi="0" ci="2" mb="1" cb="1"/><line nr="617" mi="0" ci="5" mb="1" cb="1"/><line nr="618" mi="0" ci="7" mb="0" cb="0"/><line nr="620" mi="0" ci="10" mb="0" cb="0"/><line nr="623" mi="3" ci="0" mb="0" cb="0"/><line nr="627" mi="0" ci="3" mb="0" cb="2"/><line nr="628" mi="0" ci="13" mb="0" cb="0"/><line nr="629" mi="0" ci="2" mb="0" cb="0"/><line nr="630" mi="0" ci="8" mb="0" cb="0"/><line nr="631" mi="0" ci="7" mb="1" cb="1"/><line nr="633" mi="0" ci="8" mb="0" cb="0"/><line nr="634" mi="0" ci="7" mb="1" cb="1"/><line nr="635" mi="8" ci="0" mb="0" cb="0"/><line nr="638" mi="0" ci="5" mb="0" cb="0"/><line nr="641" mi="3" ci="0" mb="0" cb="0"/><line nr="645" mi="0" ci="3" mb="0" cb="0"/><line nr="647" mi="0" ci="1" mb="0" cb="0"/><line nr="653" mi="3" ci="5" mb="3" cb="1"/><line nr="654" mi="4" ci="0" mb="0" cb="0"/><line nr="657" mi="0" ci="4" mb="0" cb="0"/><line nr="658" mi="0" ci="1" mb="0" cb="0"/><line nr="665" mi="0" ci="3" mb="0" cb="2"/><line nr="666" mi="0" ci="5" mb="0" cb="0"/><line nr="668" mi="0" ci="3" mb="0" cb="2"/><line nr="669" mi="0" ci="7" mb="0" cb="0"/><line nr="670" mi="0" ci="3" mb="0" cb="0"/><line nr="671" mi="0" ci="2" mb="1" cb="1"/><line nr="672" mi="3" ci="0" mb="0" cb="0"/><line nr="674" mi="0" ci="5" mb="0" cb="0"/><line nr="675" mi="0" ci="7" mb="0" cb="0"/><line nr="676" mi="0" ci="4" mb="0" cb="0"/><line nr="677" mi="0" ci="2" mb="0" cb="0"/><line nr="679" mi="0" ci="1" mb="0" cb="0"/><line nr="681" mi="0" ci="8" mb="0" cb="0"/><line nr="682" mi="0" ci="7" mb="0" cb="0"/><line nr="683" mi="0" ci="4" mb="1" cb="1"/><line nr="684" mi="0" ci="4" mb="0" cb="0"/><line nr="686" mi="0" ci="8" mb="0" cb="0"/><line nr="688" mi="0" ci="1" mb="0" cb="0"/><line nr="696" mi="0" ci="4" mb="0" cb="0"/><line nr="698" mi="0" ci="3" mb="0" cb="2"/><line nr="699" mi="0" ci="5" mb="0" cb="0"/><line nr="702" mi="0" ci="4" mb="0" cb="0"/><line nr="706" mi="0" ci="2" mb="0" cb="0"/><line nr="708" mi="0" ci="16" mb="0" cb="2"/><line nr="709" mi="0" ci="4" mb="1" cb="1"/><line nr="713" mi="4" ci="0" mb="2" cb="0"/><line nr="714" mi="13" ci="0" mb="0" cb="0"/><line nr="715" mi="3" ci="0" mb="0" cb="0"/><line nr="721" mi="0" ci="4" mb="0" cb="0"/><line nr="723" mi="0" ci="2" mb="1" cb="1"/><line nr="724" mi="10" ci="0" mb="0" cb="0"/><line nr="726" mi="1" ci="0" mb="0" cb="0"/><line nr="728" mi="0" ci="4" mb="0" cb="0"/><line nr="731" mi="0" ci="2" mb="1" cb="1"/><line nr="732" mi="0" ci="5" mb="0" cb="0"/><line nr="735" mi="0" ci="13" mb="0" cb="0"/><line nr="737" mi="0" ci="2" mb="1" cb="1"/><line nr="738" mi="2" ci="0" mb="2" cb="0"/><line nr="739" mi="10" ci="0" mb="0" cb="0"/><line nr="741" mi="1" ci="0" mb="0" cb="0"/><line nr="743" mi="3" ci="0" mb="2" cb="0"/><line nr="745" mi="4" ci="0" mb="0" cb="0"/><line nr="746" mi="7" ci="0" mb="0" cb="0"/><line nr="747" mi="8" ci="0" mb="0" cb="0"/><line nr="750" mi="7" ci="0" mb="0" cb="0"/><line nr="751" mi="3" ci="0" mb="0" cb="0"/><line nr="752" mi="7" ci="0" mb="0" cb="0"/><line nr="753" mi="9" ci="0" mb="0" cb="0"/><line nr="754" mi="6" ci="0" mb="0" cb="0"/><line nr="755" mi="3" ci="0" mb="0" cb="0"/><line nr="756" mi="2" ci="0" mb="0" cb="0"/><line nr="757" mi="3" ci="0" mb="0" cb="0"/><line nr="758" mi="6" ci="0" mb="0" cb="0"/><line nr="762" mi="0" ci="2" mb="1" cb="1"/><line nr="763" mi="0" ci="15" mb="0" cb="0"/><line nr="766" mi="0" ci="2" mb="1" cb="1"/><line nr="767" mi="0" ci="2" mb="1" cb="1"/><line nr="768" mi="0" ci="5" mb="0" cb="0"/><line nr="771" mi="0" ci="4" mb="1" cb="1"/><line nr="772" mi="12" ci="0" mb="0" cb="0"/><line nr="773" mi="6" ci="0" mb="2" cb="0"/><line nr="774" mi="6" ci="0" mb="0" cb="0"/><line nr="778" mi="0" ci="1" mb="0" cb="0"/><line nr="781" mi="0" ci="3" mb="0" cb="2"/><line nr="782" mi="0" ci="5" mb="0" cb="0"/><line nr="784" mi="0" ci="8" mb="0" cb="0"/><line nr="786" mi="0" ci="3" mb="0" cb="2"/><line nr="787" mi="0" ci="5" mb="0" cb="0"/><line nr="789" mi="0" ci="8" mb="0" cb="0"/><line nr="791" mi="0" ci="3" mb="0" cb="2"/><line nr="792" mi="0" ci="5" mb="0" cb="0"/><line nr="794" mi="0" ci="8" mb="0" cb="0"/><line nr="795" mi="0" ci="1" mb="0" cb="0"/><line nr="801" mi="0" ci="4" mb="0" cb="0"/><line nr="802" mi="0" ci="4" mb="0" cb="0"/><line nr="804" mi="0" ci="4" mb="1" cb="1"/><line nr="807" mi="4" ci="0" mb="0" cb="0"/><line nr="811" mi="8" ci="0" mb="2" cb="0"/><line nr="812" mi="6" ci="0" mb="2" cb="0"/><line nr="813" mi="5" ci="0" mb="0" cb="0"/><line nr="818" mi="3" ci="0" mb="2" cb="0"/><line nr="819" mi="1" ci="0" mb="0" cb="0"/><line nr="823" mi="0" ci="4" mb="0" cb="0"/><line nr="824" mi="0" ci="6" mb="0" cb="0"/><line nr="826" mi="0" ci="5" mb="0" cb="0"/><line nr="828" mi="0" ci="12" mb="0" cb="0"/><line nr="830" mi="0" ci="5" mb="0" cb="0"/><line nr="832" mi="0" ci="3" mb="0" cb="0"/><line nr="835" mi="0" ci="7" mb="0" cb="0"/><line nr="836" mi="0" ci="4" mb="1" cb="1"/><line nr="840" mi="0" ci="4" mb="0" cb="0"/><line nr="841" mi="0" ci="12" mb="0" cb="0"/><line nr="842" mi="0" ci="3" mb="0" cb="0"/><line nr="846" mi="0" ci="16" mb="0" cb="2"/><line nr="847" mi="0" ci="4" mb="0" cb="0"/><line nr="848" mi="0" ci="5" mb="0" cb="0"/><line nr="849" mi="0" ci="3" mb="0" cb="0"/><line nr="850" mi="0" ci="8" mb="0" cb="0"/><line nr="851" mi="0" ci="6" mb="0" cb="0"/><line nr="855" mi="0" ci="3" mb="0" cb="0"/><line nr="856" mi="0" ci="4" mb="0" cb="0"/><line nr="857" mi="0" ci="1" mb="0" cb="0"/><line nr="861" mi="4" ci="0" mb="0" cb="0"/><line nr="862" mi="7" ci="0" mb="0" cb="0"/><line nr="863" mi="3" ci="0" mb="0" cb="0"/><line nr="864" mi="10" ci="0" mb="2" cb="0"/><line nr="865" mi="4" ci="0" mb="0" cb="0"/><line nr="866" mi="3" ci="0" mb="0" cb="0"/><line nr="867" mi="5" ci="0" mb="0" cb="0"/><line nr="868" mi="9" ci="0" mb="0" cb="0"/><line nr="869" mi="11" ci="0" mb="0" cb="0"/><line nr="870" mi="6" ci="0" mb="0" cb="0"/><line nr="871" mi="1" ci="0" mb="0" cb="0"/><line nr="873" mi="0" ci="1" mb="0" cb="0"/><line nr="879" mi="0" ci="3" mb="0" cb="0"/><line nr="887" mi="0" ci="17" mb="0" cb="2"/><line nr="896" mi="0" ci="14" mb="0" cb="2"/><line nr="907" mi="0" ci="4" mb="1" cb="1"/><line nr="908" mi="2" ci="0" mb="0" cb="0"/><line nr="911" mi="0" ci="4" mb="1" cb="1"/><line nr="912" mi="2" ci="0" mb="0" cb="0"/><line nr="915" mi="0" ci="4" mb="0" cb="0"/><line nr="917" mi="0" ci="2" mb="0" cb="0"/><line nr="920" mi="0" ci="11" mb="0" cb="2"/><line nr="921" mi="0" ci="4" mb="0" cb="2"/><line nr="922" mi="0" ci="1" mb="0" cb="0"/><line nr="925" mi="0" ci="3" mb="0" cb="0"/><line nr="926" mi="0" ci="2" mb="1" cb="1"/><line nr="927" mi="2" ci="0" mb="0" cb="0"/><line nr="931" mi="1" ci="8" mb="2" cb="2"/><line nr="932" mi="2" ci="0" mb="2" cb="0"/><line nr="933" mi="3" ci="0" mb="0" cb="0"/><line nr="936" mi="0" ci="3" mb="1" cb="1"/><line nr="937" mi="2" ci="0" mb="0" cb="0"/><line nr="940" mi="0" ci="3" mb="0" cb="0"/><line nr="945" mi="0" ci="4" mb="1" cb="1"/><line nr="946" mi="0" ci="2" mb="1" cb="1"/><line nr="947" mi="2" ci="0" mb="0" cb="0"/><line nr="952" mi="0" ci="6" mb="1" cb="3"/><line nr="953" mi="0" ci="3" mb="0" cb="0"/><line nr="955" mi="0" ci="6" mb="0" cb="0"/><line nr="959" mi="0" ci="1" mb="0" cb="0"/><line nr="960" mi="0" ci="10" mb="3" cb="3"/><line nr="962" mi="0" ci="3" mb="0" cb="0"/><line nr="963" mi="0" ci="6" mb="0" cb="0"/><line nr="964" mi="0" ci="1" mb="0" cb="0"/><line nr="966" mi="2" ci="0" mb="0" cb="0"/><line nr="970" mi="4" ci="2" mb="3" cb="1"/><line nr="971" mi="2" ci="0" mb="0" cb="0"/><line nr="973" mi="0" ci="2" mb="0" cb="0"/><line nr="974" mi="0" ci="1" mb="0" cb="0"/><line nr="977" mi="0" ci="2" mb="0" cb="0"/><line nr="981" mi="0" ci="6" mb="0" cb="0"/><line nr="987" mi="0" ci="4" mb="0" cb="0"/><line nr="989" mi="1" ci="0" mb="0" cb="0"/><line nr="990" mi="4" ci="0" mb="2" cb="0"/><line nr="991" mi="8" ci="0" mb="0" cb="0"/><line nr="993" mi="5" ci="0" mb="0" cb="0"/><line nr="999" mi="0" ci="5" mb="0" cb="0"/><line nr="1001" mi="1" ci="0" mb="0" cb="0"/><line nr="1002" mi="4" ci="0" mb="2" cb="0"/><line nr="1003" mi="8" ci="0" mb="0" cb="0"/><line nr="1005" mi="7" ci="0" mb="0" cb="0"/><line nr="1013" mi="0" ci="3" mb="1" cb="1"/><line nr="1014" mi="0" ci="5" mb="0" cb="0"/><line nr="1016" mi="0" ci="8" mb="0" cb="0"/><line nr="1017" mi="0" ci="6" mb="0" cb="0"/><line nr="1018" mi="0" ci="1" mb="0" cb="0"/><line nr="1024" mi="0" ci="3" mb="0" cb="2"/><line nr="1025" mi="0" ci="1" mb="0" cb="0"/><line nr="1028" mi="0" ci="2" mb="0" cb="0"/><line nr="1029" mi="0" ci="4" mb="0" cb="0"/><line nr="1030" mi="0" ci="7" mb="0" cb="2"/><line nr="1031" mi="0" ci="5" mb="0" cb="0"/><line nr="1032" mi="0" ci="3" mb="1" cb="1"/><line nr="1033" mi="5" ci="0" mb="0" cb="0"/><line nr="1036" mi="0" ci="5" mb="0" cb="0"/><line nr="1038" mi="0" ci="3" mb="0" cb="2"/><line nr="1039" mi="0" ci="5" mb="0" cb="0"/><line nr="1041" mi="0" ci="4" mb="1" cb="1"/><line nr="1042" mi="0" ci="4" mb="0" cb="0"/><line nr="1044" mi="0" ci="1" mb="0" cb="0"/><line nr="1052" mi="0" ci="4" mb="0" cb="0"/><line nr="1053" mi="0" ci="11" mb="0" cb="2"/><line nr="1054" mi="0" ci="8" mb="1" cb="3"/><line nr="1055" mi="0" ci="14" mb="0" cb="2"/><line nr="1056" mi="0" ci="14" mb="0" cb="2"/><line nr="1058" mi="0" ci="1" mb="0" cb="0"/><line nr="1059" mi="0" ci="1" mb="0" cb="0"/><line nr="1074" mi="0" ci="4" mb="0" cb="0"/><line nr="1077" mi="0" ci="7" mb="0" cb="2"/><line nr="1078" mi="0" ci="3" mb="0" cb="0"/><line nr="1079" mi="0" ci="3" mb="0" cb="0"/><line nr="1081" mi="0" ci="2" mb="0" cb="0"/><line nr="1082" mi="0" ci="3" mb="1" cb="1"/><line nr="1083" mi="0" ci="7" mb="0" cb="0"/><line nr="1084" mi="0" ci="5" mb="0" cb="0"/><line nr="1086" mi="2" ci="6" mb="1" cb="1"/><line nr="1087" mi="0" ci="4" mb="1" cb="1"/><line nr="1090" mi="8" ci="4" mb="5" cb="1"/><line nr="1091" mi="3" ci="0" mb="0" cb="0"/><line nr="1092" mi="3" ci="0" mb="2" cb="0"/><line nr="1093" mi="27" ci="0" mb="0" cb="0"/><line nr="1099" mi="0" ci="5" mb="0" cb="2"/><line nr="1100" mi="0" ci="24" mb="0" cb="0"/><line nr="1104" mi="1" ci="8" mb="2" cb="2"/><line nr="1107" mi="0" ci="10" mb="3" cb="3"/><line nr="1109" mi="5" ci="0" mb="0" cb="0"/><line nr="1111" mi="2" ci="0" mb="2" cb="0"/><line nr="1112" mi="4" ci="0" mb="0" cb="0"/><line nr="1113" mi="5" ci="0" mb="0" cb="0"/><line nr="1115" mi="11" ci="0" mb="0" cb="0"/><line nr="1118" mi="4" ci="0" mb="0" cb="0"/><line nr="1119" mi="14" ci="0" mb="0" cb="0"/><line nr="1121" mi="5" ci="0" mb="0" cb="0"/><line nr="1123" mi="5" ci="0" mb="0" cb="0"/><line nr="1125" mi="4" ci="0" mb="0" cb="0"/><line nr="1128" mi="2" ci="0" mb="0" cb="0"/><line nr="1129" mi="1" ci="0" mb="0" cb="0"/><line nr="1130" mi="0" ci="3" mb="1" cb="1"/><line nr="1131" mi="4" ci="0" mb="0" cb="0"/><line nr="1132" mi="2" ci="0" mb="2" cb="0"/><line nr="1133" mi="8" ci="0" mb="0" cb="0"/><line nr="1140" mi="4" ci="0" mb="0" cb="0"/><line nr="1141" mi="7" ci="0" mb="0" cb="0"/><line nr="1143" mi="8" ci="0" mb="0" cb="0"/><line nr="1144" mi="9" ci="0" mb="0" cb="0"/><line nr="1146" mi="11" ci="0" mb="0" cb="0"/><line nr="1151" mi="0" ci="3" mb="0" cb="0"/><line nr="1152" mi="0" ci="1" mb="0" cb="0"/><line nr="1153" mi="0" ci="1" mb="0" cb="0"/><line nr="1163" mi="0" ci="6" mb="0" cb="4"/><line nr="1164" mi="0" ci="4" mb="0" cb="0"/><line nr="1167" mi="0" ci="2" mb="0" cb="0"/><line nr="1177" mi="4" ci="0" mb="0" cb="0"/><line nr="1179" mi="7" ci="0" mb="0" cb="0"/><line nr="1180" mi="6" ci="0" mb="0" cb="0"/><line nr="1181" mi="6" ci="0" mb="0" cb="0"/><line nr="1182" mi="13" ci="0" mb="0" cb="0"/><line nr="1184" mi="2" ci="0" mb="0" cb="0"/><line nr="1186" mi="4" ci="0" mb="2" cb="0"/><line nr="1187" mi="5" ci="0" mb="0" cb="0"/><line nr="1190" mi="5" ci="0" mb="0" cb="0"/><line nr="1192" mi="1" ci="0" mb="0" cb="0"/><line nr="1207" mi="4" ci="0" mb="0" cb="0"/><line nr="1209" mi="7" ci="0" mb="0" cb="0"/><line nr="1210" mi="6" ci="0" mb="0" cb="0"/><line nr="1212" mi="3" ci="0" mb="0" cb="0"/><line nr="1214" mi="6" ci="0" mb="4" cb="0"/><line nr="1215" mi="2" ci="0" mb="0" cb="0"/><line nr="1217" mi="8" ci="0" mb="0" cb="0"/><line nr="1218" mi="3" ci="0" mb="2" cb="0"/><line nr="1219" mi="7" ci="0" mb="0" cb="0"/><line nr="1220" mi="7" ci="0" mb="0" cb="0"/><line nr="1224" mi="10" ci="0" mb="0" cb="0"/><line nr="1226" mi="6" ci="0" mb="0" cb="0"/><line nr="1227" mi="16" ci="0" mb="0" cb="0"/><line nr="1229" mi="2" ci="0" mb="0" cb="0"/><line nr="1230" mi="7" ci="0" mb="0" cb="0"/><line nr="1232" mi="5" ci="0" mb="0" cb="0"/><line nr="1233" mi="3" ci="0" mb="0" cb="0"/><line nr="1242" mi="0" ci="3" mb="0" cb="0"/><line nr="1243" mi="0" ci="12" mb="2" cb="2"/><line nr="1245" mi="0" ci="6" mb="0" cb="2"/><line nr="1246" mi="0" ci="5" mb="1" cb="1"/><line nr="1262" mi="0" ci="5" mb="0" cb="0"/><line nr="1263" mi="0" ci="2" mb="1" cb="1"/><line nr="1264" mi="2" ci="0" mb="0" cb="0"/><line nr="1268" mi="0" ci="8" mb="2" cb="2"/><line nr="1269" mi="3" ci="0" mb="0" cb="0"/><line nr="1272" mi="0" ci="8" mb="0" cb="0"/><line nr="1284" mi="0" ci="5" mb="0" cb="0"/><line nr="1286" mi="0" ci="6" mb="0" cb="0"/><line nr="1287" mi="0" ci="6" mb="0" cb="0"/><line nr="1289" mi="0" ci="5" mb="0" cb="0"/><line nr="1290" mi="0" ci="5" mb="0" cb="0"/><line nr="1291" mi="0" ci="5" mb="0" cb="0"/><line nr="1293" mi="0" ci="5" mb="0" cb="0"/><line nr="1295" mi="3" ci="4" mb="3" cb="1"/><line nr="1296" mi="0" ci="2" mb="0" cb="0"/><line nr="1297" mi="0" ci="2" mb="0" cb="0"/><line nr="1298" mi="0" ci="2" mb="0" cb="0"/><line nr="1300" mi="0" ci="5" mb="0" cb="2"/><line nr="1301" mi="0" ci="2" mb="0" cb="0"/><line nr="1309" mi="0" ci="7" mb="0" cb="2"/><line nr="1310" mi="5" ci="2" mb="3" cb="1"/><line nr="1311" mi="6" ci="0" mb="2" cb="0"/><line nr="1313" mi="0" ci="3" mb="0" cb="0"/><line nr="1314" mi="0" ci="3" mb="0" cb="0"/><line nr="1315" mi="0" ci="3" mb="0" cb="0"/><line nr="1316" mi="0" ci="3" mb="0" cb="0"/><line nr="1318" mi="0" ci="4" mb="1" cb="1"/><line nr="1319" mi="2" ci="0" mb="0" cb="0"/><line nr="1322" mi="5" ci="4" mb="3" cb="1"/><line nr="1323" mi="9" ci="0" mb="0" cb="0"/><line nr="1326" mi="0" ci="3" mb="0" cb="0"/><line nr="1327" mi="0" ci="4" mb="0" cb="0"/><line nr="1329" mi="0" ci="4" mb="1" cb="1"/><line nr="1330" mi="2" ci="0" mb="0" cb="0"/><line nr="1332" mi="0" ci="1" mb="0" cb="0"/><line nr="1341" mi="0" ci="7" mb="0" cb="0"/><line nr="1343" mi="0" ci="5" mb="0" cb="0"/><line nr="1345" mi="0" ci="5" mb="0" cb="0"/><line nr="1346" mi="0" ci="3" mb="0" cb="0"/><line nr="1348" mi="3" ci="4" mb="3" cb="1"/><line nr="1349" mi="7" ci="0" mb="0" cb="0"/><line nr="1350" mi="8" ci="0" mb="0" cb="0"/><line nr="1351" mi="7" ci="0" mb="0" cb="0"/><line nr="1353" mi="2" ci="0" mb="0" cb="0"/><line nr="1356" mi="0" ci="4" mb="0" cb="0"/><line nr="1357" mi="0" ci="16" mb="0" cb="2"/><line nr="1358" mi="0" ci="4" mb="1" cb="1"/><line nr="1359" mi="1" ci="0" mb="0" cb="0"/><line nr="1361" mi="0" ci="7" mb="0" cb="0"/><line nr="1362" mi="0" ci="3" mb="2" cb="3"/><line nr="1368" mi="0" ci="8" mb="0" cb="0"/><line nr="1369" mi="0"
[...]
<line nr="4822" mi="0" ci="4" mb="0" cb="0"/><line nr="4823" mi="0" ci="5" mb="0" cb="0"/><line nr="4824" mi="0" ci="3" mb="0" cb="0"/><line nr="4826" mi="0" ci="4" mb="0" cb="0"/><line nr="4827" mi="0" ci="2" mb="1" cb="1"/><line nr="4829" mi="7" ci="0" mb="0" cb="0"/><line nr="4830" mi="7" ci="0" mb="0" cb="0"/><line nr="4831" mi="6" ci="0" mb="0" cb="0"/><line nr="4832" mi="4" ci="0" mb="0" cb="0"/><line nr="4838" mi="0" ci="4" mb="0" cb="0"/><line nr="4839" mi="0" ci="16" mb="0" cb="2"/><line nr="4840" mi="0" ci="3" mb="1" cb="1"/><line nr="4841" mi="0" ci="10" mb="0" cb="0"/><line nr="4844" mi="0" ci="6" mb="0" cb="0"/><line nr="4845" mi="0" ci="1" mb="0" cb="0"/><line nr="4852" mi="0" ci="10" mb="0" cb="0"/><line nr="4853" mi="0" ci="11" mb="0" cb="0"/><line nr="4857" mi="0" ci="5" mb="0" cb="0"/><line nr="4858" mi="0" ci="4" mb="0" cb="0"/><line nr="4859" mi="0" ci="4" mb="0" cb="0"/><line nr="4860" mi="0" ci="5" mb="0" cb="0"/><line nr="4861" mi="0" ci="3" mb="0" cb="0"/><line nr="4864" mi="0" ci="2" mb="1" cb="1"/><line nr="4865" mi="7" ci="0" mb="0" cb="0"/><line nr="4866" mi="7" ci="0" mb="0" cb="0"/><line nr="4867" mi="8" ci="0" mb="0" cb="0"/><line nr="4868" mi="6" ci="0" mb="0" cb="0"/><line nr="4874" mi="0" ci="10" mb="0" cb="2"/><line nr="4875" mi="0" ci="10" mb="0" cb="0"/><line nr="4876" mi="0" ci="1" mb="0" cb="0"/><line nr="4877" mi="0" ci="6" mb="0" cb="0"/><line nr="4878" mi="0" ci="1" mb="0" cb="0"/><line nr="4886" mi="0" ci="2" mb="1" cb="1"/><line nr="4887" mi="4" ci="0" mb="0" cb="0"/><line nr="4889" mi="0" ci="3" mb="0" cb="0"/><line nr="4890" mi="0" ci="12" mb="1" cb="3"/><line nr="4893" mi="0" ci="2" mb="0" cb="2"/><line nr="4894" mi="0" ci="8" mb="0" cb="0"/><line nr="4895" mi="0" ci="3" mb="0" cb="0"/><line nr="4896" mi="0" ci="4" mb="0" cb="0"/><line nr="4899" mi="0" ci="2" mb="0" cb="0"/><line nr="4903" mi="0" ci="7" mb="0" cb="0"/><line nr="4904" mi="0" ci="7" mb="0" cb="0"/><line nr="4905" mi="0" ci="6" mb="0" cb="2"/><line nr="4906" mi="0" ci="6" mb="0" cb="0"/><line nr="4907" mi="0" ci="5" mb="0" cb="0"/><line nr="4909" mi="0" ci="2" mb="0" cb="0"/><line nr="4911" mi="0" ci="8" mb="1" cb="3"/><line nr="4912" mi="0" ci="8" mb="0" cb="0"/><line nr="4914" mi="0" ci="2" mb="0" cb="2"/><line nr="4915" mi="0" ci="7" mb="0" cb="0"/><line nr="4916" mi="0" ci="2" mb="1" cb="1"/><line nr="4917" mi="7" ci="0" mb="0" cb="0"/><line nr="4919" mi="0" ci="7" mb="0" cb="0"/><line nr="4920" mi="0" ci="1" mb="0" cb="0"/><line nr="4922" mi="0" ci="5" mb="0" cb="0"/><line nr="4923" mi="0" ci="3" mb="1" cb="1"/><line nr="4933" mi="7" ci="0" mb="0" cb="0"/><line nr="4934" mi="11" ci="0" mb="0" cb="0"/><line nr="4936" mi="4" ci="0" mb="0" cb="0"/><line nr="4937" mi="7" ci="0" mb="0" cb="0"/><line nr="4938" mi="7" ci="0" mb="0" cb="0"/><line nr="4939" mi="11" ci="0" mb="0" cb="0"/><line nr="4940" mi="6" ci="0" mb="0" cb="0"/><line nr="4941" mi="6" ci="0" mb="0" cb="0"/><line nr="4942" mi="9" ci="0" mb="0" cb="0"/><line nr="4944" mi="2" ci="0" mb="0" cb="0"/><line nr="4945" mi="3" ci="0" mb="0" cb="0"/><line nr="4948" mi="0" ci="1" mb="0" cb="0"/><line nr="4956" mi="0" ci="10" mb="0" cb="0"/><line nr="4957" mi="0" ci="11" mb="0" cb="0"/><line nr="4961" mi="0" ci="4" mb="0" cb="0"/><line nr="4962" mi="0" ci="4" mb="0" cb="0"/><line nr="4963" mi="0" ci="5" mb="0" cb="0"/><line nr="4964" mi="0" ci="3" mb="0" cb="0"/><line nr="4968" mi="0" ci="6" mb="0" cb="0"/><line nr="4969" mi="0" ci="6" mb="2" cb="2"/><line nr="4970" mi="7" ci="0" mb="0" cb="0"/><line nr="4971" mi="7" ci="0" mb="0" cb="0"/><line nr="4972" mi="6" ci="0" mb="0" cb="0"/><line nr="4973" mi="4" ci="0" mb="0" cb="0"/><line nr="4979" mi="0" ci="7" mb="0" cb="0"/><line nr="4980" mi="0" ci="7" mb="0" cb="0"/><line nr="4981" mi="0" ci="8" mb="0" cb="0"/><line nr="4982" mi="0" ci="5" mb="0" cb="0"/><line nr="4986" mi="0" ci="2" mb="0" cb="0"/><line nr="4988" mi="0" ci="2" mb="1" cb="1"/><line nr="4992" mi="0" ci="7" mb="0" cb="0"/><line nr="4993" mi="0" ci="11" mb="0" cb="0"/><line nr="4995" mi="0" ci="4" mb="0" cb="0"/><line nr="4996" mi="0" ci="7" mb="0" cb="0"/><line nr="4997" mi="0" ci="7" mb="0" cb="0"/><line nr="4998" mi="0" ci="11" mb="0" cb="0"/><line nr="4999" mi="0" ci="7" mb="0" cb="0"/><line nr="5000" mi="0" ci="6" mb="0" cb="0"/><line nr="5001" mi="0" ci="8" mb="0" cb="0"/><line nr="5003" mi="0" ci="4" mb="0" cb="0"/><line nr="5005" mi="0" ci="4" mb="0" cb="0"/><line nr="5006" mi="0" ci="7" mb="0" cb="0"/><line nr="5007" mi="0" ci="6" mb="0" cb="0"/><line nr="5011" mi="0" ci="3" mb="0" cb="0"/><line nr="5012" mi="0" ci="7" mb="0" cb="0"/><line nr="5013" mi="0" ci="7" mb="0" cb="0"/><line nr="5014" mi="0" ci="11" mb="0" cb="0"/><line nr="5017" mi="0" ci="2" mb="0" cb="0"/><line nr="5018" mi="0" ci="6" mb="0" cb="0"/><line nr="5019" mi="0" ci="9" mb="0" cb="0"/><line nr="5021" mi="0" ci="2" mb="0" cb="0"/><line nr="5023" mi="0" ci="7" mb="0" cb="0"/><line nr="5024" mi="0" ci="4" mb="0" cb="0"/><line nr="5025" mi="0" ci="6" mb="0" cb="0"/><line nr="5026" mi="0" ci="9" mb="0" cb="0"/><line nr="5028" mi="0" ci="2" mb="0" cb="0"/><line nr="5030" mi="0" ci="2" mb="1" cb="1"/><line nr="5031" mi="0" ci="3" mb="0" cb="0"/><line nr="5034" mi="0" ci="2" mb="0" cb="0"/><line nr="5036" mi="0" ci="7" mb="0" cb="0"/><line nr="5037" mi="0" ci="7" mb="0" cb="0"/><line nr="5038" mi="0" ci="10" mb="0" cb="0"/><line nr="5044" mi="0" ci="6" mb="0" cb="0"/><line nr="5045" mi="0" ci="1" mb="0" cb="0"/><line nr="5049" mi="0" ci="10" mb="0" cb="0"/><line nr="5050" mi="0" ci="11" mb="0" cb="0"/><line nr="5054" mi="0" ci="4" mb="0" cb="0"/><line nr="5055" mi="0" ci="4" mb="0" cb="0"/><line nr="5056" mi="0" ci="5" mb="0" cb="0"/><line nr="5057" mi="0" ci="3" mb="0" cb="0"/><line nr="5059" mi="0" ci="4" mb="0" cb="0"/><line nr="5060" mi="0" ci="2" mb="1" cb="1"/><line nr="5062" mi="7" ci="0" mb="0" cb="0"/><line nr="5063" mi="7" ci="0" mb="0" cb="0"/><line nr="5064" mi="6" ci="0" mb="0" cb="0"/><line nr="5065" mi="4" ci="0" mb="0" cb="0"/><line nr="5070" mi="0" ci="4" mb="0" cb="0"/><line nr="5071" mi="0" ci="16" mb="0" cb="2"/><line nr="5072" mi="0" ci="3" mb="1" cb="1"/><line nr="5073" mi="0" ci="7" mb="0" cb="0"/><line nr="5074" mi="0" ci="3" mb="0" cb="0"/><line nr="5079" mi="0" ci="6" mb="0" cb="0"/><line nr="5080" mi="0" ci="1" mb="0" cb="0"/><line nr="5087" mi="0" ci="10" mb="0" cb="0"/><line nr="5088" mi="0" ci="11" mb="0" cb="0"/><line nr="5092" mi="0" ci="4" mb="0" cb="0"/><line nr="5093" mi="0" ci="4" mb="0" cb="0"/><line nr="5094" mi="0" ci="5" mb="0" cb="0"/><line nr="5095" mi="0" ci="3" mb="0" cb="0"/><line nr="5098" mi="0" ci="2" mb="1" cb="1"/><line nr="5099" mi="7" ci="0" mb="0" cb="0"/><line nr="5100" mi="7" ci="0" mb="0" cb="0"/><line nr="5101" mi="8" ci="0" mb="0" cb="0"/><line nr="5102" mi="6" ci="0" mb="0" cb="0"/><line nr="5108" mi="0" ci="10" mb="0" cb="2"/><line nr="5109" mi="0" ci="10" mb="0" cb="0"/><line nr="5110" mi="0" ci="1" mb="0" cb="0"/><line nr="5111" mi="0" ci="6" mb="0" cb="0"/><line nr="5112" mi="0" ci="1" mb="0" cb="0"/><line nr="5119" mi="0" ci="3" mb="0" cb="0"/><line nr="5120" mi="0" ci="12" mb="1" cb="3"/><line nr="5123" mi="0" ci="2" mb="0" cb="2"/><line nr="5124" mi="0" ci="8" mb="0" cb="0"/><line nr="5125" mi="0" ci="3" mb="0" cb="0"/><line nr="5126" mi="0" ci="4" mb="0" cb="0"/><line nr="5129" mi="0" ci="2" mb="0" cb="0"/><line nr="5133" mi="0" ci="7" mb="0" cb="0"/><line nr="5134" mi="0" ci="7" mb="0" cb="0"/><line nr="5136" mi="0" ci="2" mb="0" cb="2"/><line nr="5137" mi="0" ci="7" mb="0" cb="0"/><line nr="5138" mi="0" ci="7" mb="0" cb="0"/><line nr="5139" mi="0" ci="1" mb="0" cb="0"/><line nr="5141" mi="0" ci="6" mb="0" cb="0"/><line nr="5145" mi="0" ci="12" mb="3" cb="3"/><line nr="5146" mi="10" ci="0" mb="0" cb="0"/><line nr="5148" mi="0" ci="2" mb="0" cb="2"/><line nr="5149" mi="0" ci="10" mb="0" cb="0"/><line nr="5152" mi="0" ci="9" mb="0" cb="0"/><line nr="5154" mi="0" ci="6" mb="0" cb="0"/><line nr="5155" mi="0" ci="4" mb="0" cb="0"/><line nr="5158" mi="0" ci="1" mb="0" cb="0"/><line nr="5179" mi="0" ci="7" mb="0" cb="4"/><line nr="5180" mi="0" ci="13" mb="0" cb="0"/><line nr="5182" mi="0" ci="3" mb="1" cb="1"/><line nr="5187" mi="2" ci="0" mb="2" cb="0"/><line nr="5188" mi="4" ci="0" mb="0" cb="0"/><line nr="5189" mi="6" ci="0" mb="0" cb="0"/><line nr="5190" mi="3" ci="0" mb="0" cb="0"/><line nr="5191" mi="2" ci="0" mb="0" cb="0"/><line nr="5192" mi="2" ci="0" mb="0" cb="0"/><line nr="5193" mi="1" ci="0" mb="0" cb="0"/><line nr="5195" mi="13" ci="0" mb="0" cb="0"/><line nr="5200" mi="0" ci="4" mb="0" cb="0"/><line nr="5201" mi="0" ci="8" mb="0" cb="0"/><line nr="5203" mi="0" ci="3" mb="0" cb="0"/><line nr="5204" mi="0" ci="2" mb="0" cb="0"/><line nr="5206" mi="0" ci="1" mb="0" cb="0"/><line nr="5216" mi="0" ci="4" mb="0" cb="0"/><line nr="5217" mi="0" ci="2" mb="0" cb="2"/><line nr="5218" mi="0" ci="7" mb="0" cb="0"/><line nr="5221" mi="0" ci="4" mb="0" cb="0"/><line nr="5230" mi="0" ci="7" mb="0" cb="4"/><line nr="5231" mi="0" ci="11" mb="0" cb="0"/><line nr="5233" mi="0" ci="3" mb="1" cb="1"/><line nr="5236" mi="8" ci="0" mb="0" cb="0"/><line nr="5237" mi="3" ci="0" mb="0" cb="0"/><line nr="5238" mi="7" ci="0" mb="0" cb="0"/><line nr="5239" mi="5" ci="0" mb="0" cb="0"/><line nr="5243" mi="0" ci="8" mb="0" cb="0"/><line nr="5245" mi="0" ci="8" mb="0" cb="0"/><line nr="5246" mi="0" ci="5" mb="0" cb="0"/><line nr="5249" mi="0" ci="2" mb="0" cb="0"/><line nr="5265" mi="0" ci="7" mb="0" cb="4"/><line nr="5266" mi="0" ci="13" mb="0" cb="0"/><line nr="5268" mi="0" ci="3" mb="1" cb="1"/><line nr="5271" mi="9" ci="0" mb="0" cb="0"/><line nr="5273" mi="7" ci="0" mb="0" cb="0"/><line nr="5274" mi="5" ci="0" mb="0" cb="0"/><line nr="5278" mi="0" ci="8" mb="0" cb="0"/><line nr="5280" mi="0" ci="8" mb="0" cb="0"/><line nr="5281" mi="0" ci="5" mb="0" cb="0"/><line nr="5283" mi="0" ci="1" mb="0" cb="0"/><line nr="5297" mi="0" ci="6" mb="0" cb="0"/><line nr="5304" mi="0" ci="7" mb="1" cb="3"/><line nr="5305" mi="0" ci="6" mb="0" cb="2"/><line nr="5312" mi="0" ci="10" mb="0" cb="4"/><line nr="5319" mi="0" ci="10" mb="1" cb="3"/><line nr="5327" mi="0" ci="4" mb="0" cb="2"/><line nr="5329" mi="0" ci="5" mb="0" cb="0"/><line nr="5330" mi="0" ci="7" mb="0" cb="0"/><line nr="5331" mi="0" ci="1" mb="0" cb="0"/><line nr="5332" mi="0" ci="3" mb="0" cb="0"/><line nr="5334" mi="0" ci="13" mb="0" cb="0"/><line nr="5336" mi="0" ci="3" mb="0" cb="0"/><line nr="5337" mi="0" ci="15" mb="0" cb="0"/><line nr="5339" mi="0" ci="2" mb="0" cb="0"/><line nr="5344" mi="0" ci="4" mb="0" cb="0"/><line nr="5346" mi="0" ci="6" mb="0" cb="0"/><line nr="5349" mi="0" ci="5" mb="0" cb="0"/><line nr="5350" mi="0" ci="2" mb="0" cb="0"/><line nr="5351" mi="0" ci="5" mb="0" cb="0"/><line nr="5354" mi="0" ci="5" mb="0" cb="0"/><line nr="5355" mi="0" ci="10" mb="0" cb="0"/><line nr="5357" mi="0" ci="4" mb="0" cb="0"/><line nr="5360" mi="0" ci="4" mb="0" cb="0"/><line nr="5362" mi="0" ci="2" mb="0" cb="0"/><line nr="5370" mi="0" ci="3" mb="1" cb="1"/><line nr="5371" mi="3" ci="0" mb="2" cb="0"/><line nr="5372" mi="5" ci="0" mb="0" cb="0"/><line nr="5374" mi="6" ci="0" mb="0" cb="0"/><line nr="5376" mi="3" ci="0" mb="0" cb="0"/><line nr="5378" mi="0" ci="1" mb="0" cb="0"/><line nr="5385" mi="0" ci="4" mb="0" cb="2"/><line nr="5387" mi="0" ci="5" mb="0" cb="0"/><line nr="5388" mi="0" ci="7" mb="0" cb="0"/><line nr="5389" mi="0" ci="1" mb="0" cb="0"/><line nr="5390" mi="0" ci="3" mb="0" cb="0"/><line nr="5391" mi="0" ci="13" mb="0" cb="0"/><line nr="5393" mi="0" ci="10" mb="0" cb="0"/><line nr="5394" mi="0" ci="5" mb="0" cb="0"/><line nr="5395" mi="0" ci="6" mb="0" cb="0"/><line nr="5396" mi="0" ci="3" mb="0" cb="0"/><line nr="5399" mi="0" ci="2" mb="0" cb="0"/><line nr="5404" mi="0" ci="15" mb="0" cb="0"/><line nr="5406" mi="0" ci="3" mb="0" cb="0"/><line nr="5409" mi="0" ci="11" mb="0" cb="0"/><line nr="5414" mi="0" ci="4" mb="0" cb="0"/><line nr="5415" mi="0" ci="10" mb="0" cb="0"/><line nr="5416" mi="0" ci="4" mb="0" cb="0"/><line nr="5419" mi="0" ci="4" mb="0" cb="0"/><line nr="5421" mi="0" ci="2" mb="0" cb="0"/><line nr="5425" mi="0" ci="7" mb="0" cb="0"/><line nr="5427" mi="0" ci="5" mb="0" cb="0"/><line nr="5429" mi="0" ci="6" mb="0" cb="0"/><line nr="5430" mi="0" ci="7" mb="0" cb="0"/><line nr="5431" mi="0" ci="6" mb="0" cb="0"/><line nr="5432" mi="0" ci="1" mb="0" cb="0"/><line nr="5439" mi="0" ci="3" mb="1" cb="1"/><line nr="5440" mi="3" ci="0" mb="0" cb="0"/><line nr="5442" mi="0" ci="3" mb="0" cb="0"/><line nr="5486" mi="4" ci="0" mb="0" cb="0"/><line nr="5487" mi="4" ci="0" mb="0" cb="0"/><line nr="5488" mi="4" ci="0" mb="2" cb="0"/><line nr="5490" mi="5" ci="0" mb="0" cb="0"/><line nr="5493" mi="1" ci="0" mb="0" cb="0"/><line nr="5500" mi="5" ci="0" mb="0" cb="0"/><line nr="5502" mi="4" ci="0" mb="0" cb="0"/><line nr="5504" mi="7" ci="0" mb="0" cb="0"/><line nr="5507" mi="2" ci="0" mb="0" cb="0"/><line nr="5518" mi="0" ci="4" mb="0" cb="0"/><line nr="5519" mi="0" ci="9" mb="0" cb="0"/><line nr="5521" mi="0" ci="6" mb="0" cb="0"/><line nr="5522" mi="0" ci="2" mb="0" cb="0"/><line nr="5523" mi="0" ci="6" mb="0" cb="0"/><line nr="5524" mi="0" ci="2" mb="0" cb="0"/><line nr="5525" mi="0" ci="6" mb="0" cb="0"/><line nr="5526" mi="0" ci="2" mb="0" cb="0"/><line nr="5530" mi="0" ci="5" mb="0" cb="0"/><line nr="5531" mi="0" ci="2" mb="0" cb="0"/><line nr="5533" mi="0" ci="3" mb="0" cb="0"/><line nr="5534" mi="0" ci="8" mb="0" cb="0"/><line nr="5544" mi="0" ci="2" mb="0" cb="2"/><line nr="5545" mi="0" ci="4" mb="0" cb="0"/><line nr="5546" mi="0" ci="2" mb="0" cb="0"/><line nr="5548" mi="0" ci="3" mb="1" cb="1"/><line nr="5549" mi="4" ci="0" mb="0" cb="0"/><line nr="5550" mi="1" ci="0" mb="0" cb="0"/><line nr="5553" mi="0" ci="2" mb="0" cb="2"/><line nr="5554" mi="0" ci="3" mb="0" cb="0"/><line nr="5555" mi="0" ci="3" mb="0" cb="0"/><line nr="5558" mi="0" ci="4" mb="0" cb="0"/><line nr="5560" mi="0" ci="5" mb="1" cb="3"/><line nr="5561" mi="0" ci="5" mb="0" cb="0"/><line nr="5562" mi="0" ci="2" mb="1" cb="1"/><line nr="5563" mi="5" ci="0" mb="0" cb="0"/><line nr="5564" mi="2" ci="0" mb="0" cb="0"/><line nr="5568" mi="0" ci="2" mb="0" cb="0"/><line nr="5569" mi="0" ci="3" mb="0" cb="0"/><line nr="5570" mi="0" ci="3" mb="0" cb="0"/><line nr="5571" mi="0" ci="4" mb="0" cb="0"/><line nr="5572" mi="0" ci="16" mb="0" cb="2"/><line nr="5573" mi="0" ci="7" mb="0" cb="0"/><line nr="5577" mi="0" ci="4" mb="0" cb="0"/><line nr="5580" mi="0" ci="4" mb="0" cb="0"/><line nr="5583" mi="0" ci="9" mb="0" cb="2"/><line nr="5584" mi="0" ci="3" mb="1" cb="1"/><line nr="5585" mi="6" ci="0" mb="0" cb="0"/><line nr="5588" mi="0" ci="3" mb="0" cb="2"/><line nr="5589" mi="0" ci="7" mb="0" cb="0"/><line nr="5592" mi="0" ci="5" mb="0" cb="0"/><line nr="5594" mi="0" ci="8" mb="0" cb="0"/><line nr="5595" mi="0" ci="2" mb="0" cb="2"/><line nr="5596" mi="0" ci="3" mb="0" cb="0"/><line nr="5598" mi="0" ci="4" mb="0" cb="0"/><line nr="5599" mi="0" ci="4" mb="0" cb="0"/><line nr="5600" mi="0" ci="3" mb="0" cb="0"/><line nr="5601" mi="0" ci="2" mb="1" cb="1"/><line nr="5602" mi="3" ci="0" mb="2" cb="0"/><line nr="5603" mi="6" ci="0" mb="0" cb="0"/><line nr="5606" mi="0" ci="3" mb="1" cb="1"/><line nr="5607" mi="3" ci="0" mb="2" cb="0"/><line nr="5608" mi="6" ci="0" mb="0" cb="0"/><line nr="5611" mi="0" ci="3" mb="0" cb="2"/><line nr="5612" mi="0" ci="4" mb="0" cb="0"/><line nr="5613" mi="0" ci="3" mb="0" cb="0"/><line nr="5616" mi="0" ci="2" mb="0" cb="0"/><line nr="5618" mi="0" ci="2" mb="0" cb="0"/><line nr="5619" mi="0" ci="1" mb="0" cb="0"/><line nr="5620" mi="3" ci="3" mb="3" cb="1"/><line nr="5621" mi="9" ci="0" mb="0" cb="0"/><line nr="5623" mi="0" ci="2" mb="0" cb="0"/><line nr="5629" mi="0" ci="2" mb="0" cb="0"/><line nr="5631" mi="0" ci="3" mb="0" cb="0"/><line nr="5632" mi="0" ci="3" mb="0" cb="0"/><line nr="5633" mi="0" ci="3" mb="0" cb="0"/><line nr="5634" mi="0" ci="4" mb="0" cb="0"/><line nr="5647" mi="5" ci="0" mb="0" cb="0"/><line nr="5649" mi="8" ci="0" mb="0" cb="0"/><line nr="5651" mi="7" ci="0" mb="0" cb="0"/><line nr="5653" mi="8" ci="0" mb="0" cb="0"/><line nr="5654" mi="7" ci="0" mb="0" cb="0"/><line nr="5655" mi="1" ci="0" mb="0" cb="0"/><line nr="5668" mi="0" ci="4" mb="2" cb="2"/><line nr="5669" mi="2" ci="0" mb="0" cb="0"/><line nr="5671" mi="0" ci="5" mb="0" cb="0"/><line nr="5672" mi="0" ci="2" mb="1" cb="1"/><line nr="5673" mi="2" ci="0" mb="0" cb="0"/><line nr="5675" mi="0" ci="4" mb="0" cb="2"/><line nr="5676" mi="0" ci="15" mb="0" cb="0"/><line nr="5677" mi="0" ci="8" mb="0" cb="0"/><line nr="5678" mi="0" ci="2" mb="0" cb="0"/><line nr="5680" mi="0" ci="2" mb="0" cb="0"/><line nr="5687" mi="0" ci="7" mb="2" cb="2"/><line nr="5688" mi="0" ci="6" mb="0" cb="0"/><line nr="5690" mi="0" ci="1" mb="0" cb="0"/><line nr="5702" mi="0" ci="4" mb="0" cb="0"/><line nr="5704" mi="0" ci="8" mb="0" cb="2"/><line nr="5705" mi="0" ci="5" mb="0" cb="2"/><line nr="5706" mi="0" ci="1" mb="0" cb="0"/><line nr="5709" mi="0" ci="6" mb="1" cb="1"/><line nr="5710" mi="2" ci="0" mb="0" cb="0"/><line nr="5712" mi="0" ci="5" mb="0" cb="0"/><line nr="5713" mi="0" ci="5" mb="0" cb="0"/><line nr="5714" mi="0" ci="6" mb="2" cb="2"/><line nr="5715" mi="2" ci="0" mb="0" cb="0"/><line nr="5717" mi="0" ci="5" mb="0" cb="0"/><line nr="5718" mi="4" ci="2" mb="3" cb="1"/><line nr="5719" mi="0" ci="6" mb="0" cb="0"/><line nr="5722" mi="2" ci="0" mb="0" cb="0"/><line nr="5725" mi="1" ci="6" mb="1" cb="1"/><line nr="5737" mi="0" ci="3" mb="0" cb="0"/><line nr="5738" mi="0" ci="4" mb="0" cb="0"/><line nr="5739" mi="0" ci="6" mb="0" cb="0"/><line nr="5740" mi="0" ci="4" mb="0" cb="0"/><line nr="5742" mi="0" ci="3" mb="1" cb="1"/><line nr="5743" mi="2" ci="0" mb="0" cb="0"/><line nr="5746" mi="0" ci="4" mb="0" cb="0"/><line nr="5747" mi="0" ci="10" mb="1" cb="1"/><line nr="5748" mi="0" ci="5" mb="1" cb="1"/><line nr="5750" mi="1" ci="0" mb="0" cb="0"/><line nr="5752" mi="0" ci="4" mb="0" cb="0"/><line nr="5756" mi="0" ci="6" mb="0" cb="2"/><line nr="5757" mi="0" ci="1" mb="0" cb="0"/><line nr="5760" mi="0" ci="2" mb="0" cb="0"/><line nr="5761" mi="0" ci="4" mb="0" cb="0"/><line nr="5763" mi="0" ci="15" mb="0" cb="4"/><line nr="5764" mi="0" ci="3" mb="0" cb="0"/><line nr="5765" mi="0" ci="8" mb="0" cb="2"/><line nr="5766" mi="0" ci="6" mb="0" cb="0"/><line nr="5768" mi="0" ci="5" mb="0" cb="0"/><line nr="5769" mi="0" ci="5" mb="0" cb="0"/><line nr="5770" mi="0" ci="5" mb="0" cb="2"/><line nr="5772" mi="0" ci="4" mb="1" cb="1"/><line nr="5779" mi="0" ci="4" mb="0" cb="0"/><line nr="5781" mi="0" ci="5" mb="0" cb="0"/><line nr="5782" mi="0" ci="11" mb="2" cb="2"/><line nr="5783" mi="0" ci="4" mb="0" cb="0"/><line nr="5784" mi="0" ci="1" mb="0" cb="0"/><line nr="5795" mi="0" ci="3" mb="0" cb="0"/><line nr="5796" mi="0" ci="1" mb="0" cb="0"/><line nr="5797" mi="0" ci="4" mb="1" cb="1"/><line nr="5798" mi="0" ci="2" mb="0" cb="0"/><line nr="5800" mi="1" ci="0" mb="0" cb="0"/><line nr="5802" mi="2" ci="0" mb="0" cb="0"/><line nr="5806" mi="2" ci="5" mb="1" cb="1"/><counter type="INSTRUCTION" missed="4337" covered="10087"/><counter type="BRANCH" missed="545" covered="672"/><counter type="LINE" missed="789" covered="1915"/><counter type="COMPLEXITY" missed="443" covered="351"/><counter type="METHOD" missed="22" covered="142"/><counter type="CLASS" missed="0" covered="2"/></sourcefile><counter type="INSTRUCTION" missed="4337" covered="10087"/><counter type="BRANCH" missed="545" covered="672"/><counter type="LINE" missed="789" covered="1915"/><counter type="COMPLEXITY" missed="443" covered="351"/><counter type="METHOD" missed="22" covered="142"/><counter type="CLASS" missed="0" covered="2"/></package><counter type="INSTRUCTION" missed="4337" covered="10087"/><counter type="BRANCH" missed="545" covered="672"/><counter type="LINE" missed="789" covered="1915"/><counter type="COMPLEXITY" missed="443" covered="351"/><counter type="METHOD" missed="22" covered="142"/><counter type="CLASS" missed="0" covered="2"/></report>